2026-07-05 14:10:58+0100  [debug] DB Error: no such table SELECT
  `a`.`id` AS `id`
FROM `civicrm_riverlea_stream` a
WHERE (`a`.`name` = "hackneybrook")
LIMIT 2
OFFSET 0
 [nativecode=1146 ** Table 'benmang1_benmango8_civi.civicrm_riverlea_stream' doesn't exist]

#0 /home/benmang1/public_html/drupal-project/vendor/pear/db/DB.php(986): PEAR_Error->__construct("DB Error: no such table", -18, 16, (Array:2), "SELECT\n  `a`.`id` AS `id`\nFROM `civicrm_riverlea_stream` a\nWHERE (`a`.`nam...")
#1 /home/benmang1/public_html/drupal-project/vendor/pear/pear-core-minimal/src/PEAR.php(585): DB_Error->__construct(-18, 16, (Array:2), "SELECT\n  `a`.`id` AS `id`\nFROM `civicrm_riverlea_stream` a\nWHERE (`a`.`nam...")
#2 /home/benmang1/public_html/drupal-project/vendor/pear/pear-core-minimal/src/PEAR.php(229): PEAR::_raiseError(Object(DB_mysqli), NULL, -18, 16, (Array:2), "SELECT\n  `a`.`id` AS `id`\nFROM `civicrm_riverlea_stream` a\nWHERE (`a`.`nam...", "DB_Error", TRUE)
#3 /home/benmang1/public_html/drupal-project/vendor/pear/db/DB/common.php(1935): PEAR->__call("raiseError", (Array:7))
#4 /home/benmang1/public_html/drupal-project/vendor/pear/db/DB/mysqli.php(962): DB_common->raiseError(-18, NULL, NULL, "SELECT\n  `a`.`id` AS `id`\nFROM `civicrm_riverlea_stream` a\nWHERE (`a`.`nam...", "1146 ** Table 'benmang1_benmango8_civi.civicrm_riverlea_stream' doesn't exist")
#5 /home/benmang1/public_html/drupal-project/vendor/pear/db/DB/mysqli.php(411): DB_mysqli->mysqliRaiseError()
#6 /home/benmang1/public_html/drupal-project/vendor/pear/db/DB/common.php(1225): DB_mysqli->simpleQuery("SELECT\n  `a`.`id` AS `id`\nFROM `civicrm_riverlea_stream` a\nWHERE (`a`.`nam...")
#7 /home/benmang1/public_html/drupal-project/vendor/civicrm/civicrm-packages/DB/DataObject.php(2696): DB_common->query("SELECT\n  `a`.`id` AS `id`\nFROM `civicrm_riverlea_stream` a\nWHERE (`a`.`nam...")
#8 /home/benmang1/public_html/drupal-project/vendor/civicrm/civicrm-packages/DB/DataObject.php(1829): DB_DataObject->_query("SELECT\n  `a`.`id` AS `id`\nFROM `civicrm_riverlea_stream` a\nWHERE (`a`.`nam...")
#9 /home/benmang1/public_html/drupal-project/vendor/civicrm/civicrm-core/CRM/Core/DAO.php(598): DB_DataObject->query("SELECT\n  `a`.`id` AS `id`\nFROM `civicrm_riverlea_stream` a\nWHERE (`a`.`nam...")
#10 /home/benmang1/public_html/drupal-project/vendor/civicrm/civicrm-core/CRM/Core/DAO.php(1741): CRM_Core_DAO->query("SELECT\n  `a`.`id` AS `id`\nFROM `civicrm_riverlea_stream` a\nWHERE (`a`.`nam...", TRUE)
#11 /home/benmang1/public_html/drupal-project/vendor/civicrm/civicrm-core/Civi/Api4/Query/Api4Query.php(89): CRM_Core_DAO::executeQuery("SELECT\n  `a`.`id` AS `id`\nFROM `civicrm_riverlea_stream` a\nWHERE (`a`.`nam...")
#12 /home/benmang1/public_html/drupal-project/vendor/civicrm/civicrm-core/Civi/Api4/Query/Api4SelectQuery.php(106): Civi\Api4\Query\Api4Query->getResults()
#13 /home/benmang1/public_html/drupal-project/vendor/civicrm/civicrm-core/Civi/Api4/Generic/DAOGetAction.php(107): Civi\Api4\Query\Api4SelectQuery->run()
#14 /home/benmang1/public_html/drupal-project/vendor/civicrm/civicrm-core/Civi/Api4/Generic/DAOGetAction.php(94): Civi\Api4\Generic\DAOGetAction->getObjects(Object(Civi\Api4\Generic\Result))
#15 /home/benmang1/public_html/drupal-project/vendor/civicrm/civicrm-core/Civi/Api4/Provider/ActionObjectProvider.php(91): Civi\Api4\Generic\DAOGetAction->_run(Object(Civi\Api4\Generic\Result))
#16 /home/benmang1/public_html/drupal-project/vendor/civicrm/civicrm-core/Civi/API/Kernel.php(164): Civi\Api4\Provider\ActionObjectProvider->invoke(Object(Civi\Api4\Generic\DAOGetAction))
#17 /home/benmang1/public_html/drupal-project/vendor/civicrm/civicrm-core/Civi/Api4/Generic/AbstractAction.php(251): Civi\API\Kernel->runRequest(Object(Civi\Api4\Generic\DAOGetAction))
#18 /home/benmang1/public_html/drupal-project/vendor/civicrm/civicrm-core/api/api.php(102): Civi\Api4\Generic\AbstractAction->execute()
#19 /home/benmang1/public_html/drupal-project/vendor/civicrm/civicrm-core/Civi/Api4/Generic/Traits/MatchParamTrait.php(60): civicrm_api4("RiverleaStream", "get", (Array:4))
#20 /home/benmang1/public_html/drupal-project/vendor/civicrm/civicrm-core/Civi/Api4/Generic/DAOSaveAction.php(35): Civi\Api4\Generic\AbstractSaveAction->matchExisting((Array:10))
#21 /home/benmang1/public_html/drupal-project/vendor/civicrm/civicrm-core/Civi/Api4/Provider/ActionObjectProvider.php(91): Civi\Api4\Generic\DAOSaveAction->_run(Object(Civi\Api4\Generic\Result))
#22 /home/benmang1/public_html/drupal-project/vendor/civicrm/civicrm-core/Civi/API/Kernel.php(164): Civi\Api4\Provider\ActionObjectProvider->invoke(Object(Civi\Api4\Generic\DAOSaveAction))
#23 /home/benmang1/public_html/drupal-project/vendor/civicrm/civicrm-core/Civi/Api4/Generic/AbstractAction.php(251): Civi\API\Kernel->runRequest(Object(Civi\Api4\Generic\DAOSaveAction))
#24 /home/benmang1/public_html/drupal-project/vendor/civicrm/civicrm-core/api/api.php(102): Civi\Api4\Generic\AbstractAction->execute()
#25 /home/benmang1/public_html/drupal-project/vendor/civicrm/civicrm-core/CRM/Core/ManagedEntities.php(244): civicrm_api4("RiverleaStream", "save", (Array:4))
#26 /home/benmang1/public_html/drupal-project/vendor/civicrm/civicrm-core/CRM/Core/ManagedEntities.php(153): CRM_Core_ManagedEntities->insertNewEntity((Array:8))
#27 /home/benmang1/public_html/drupal-project/vendor/civicrm/civicrm-core/CRM/Core/ManagedEntities.php(81): CRM_Core_ManagedEntities->reconcileEntities((Array:70))
#28 /home/benmang1/public_html/drupal-project/vendor/civicrm/civicrm-core/Civi/Core/Rebuilder.php(217): CRM_Core_ManagedEntities->reconcile()
#29 /home/benmang1/public_html/drupal-project/vendor/civicrm/civicrm-core/CRM/Upgrade/Form.php(836): Civi\Core\Rebuilder->execute()
#30 /home/benmang1/public_html/drupal-project/vendor/civicrm/civicrm-core/CRM/Queue/Task.php(101): CRM_Upgrade_Form::doRebuild(Object(CRM_Queue_TaskContext))
#31 phar:///home/benmang1/public_html/drupal-project/vendor/civicrm/cli-tools/extern/cv.phar/src/Util/ConsoleQueueRunner.php(45): CRM_Queue_Task->run(Object(CRM_Queue_TaskContext))
#32 phar:///home/benmang1/public_html/drupal-project/vendor/civicrm/cli-tools/extern/cv.phar/src/Command/UpgradeDbCommand.php(140): Civi\Cv\Util\ConsoleQueueRunner->runAll()
#33 phar:///home/benmang1/public_html/drupal-project/vendor/civicrm/cli-tools/extern/cv.phar/src/Command/UpgradeDbCommand.php(68): Civi\Cv\Command\UpgradeDbCommand->runCoreUpgrade(TRUE, "6.5.0", "/home/benmang1/.cv/upgrade/8d8c6d76dadc4056c6aeef3bb244edb8.dat", "6.16.0")
#34 phar:///home/benmang1/public_html/drupal-project/vendor/civicrm/cli-tools/extern/cv.phar/vendor/symfony/console/Command/Command.php(155): Civi\Cv\Command\UpgradeDbCommand->execute(Object(Civi\Cv\Util\CvArgvInput), Object(Cvphar\Symfony\Component\Console\Output\ConsoleOutput))
#35 phar:///home/benmang1/public_html/drupal-project/vendor/civicrm/cli-tools/extern/cv.phar/vendor/symfony/console/Application.php(678): Cvphar\Symfony\Component\Console\Command\Command->run(Object(Civi\Cv\Util\CvArgvInput), Object(Cvphar\Symfony\Component\Console\Output\ConsoleOutput))
#36 phar:///home/benmang1/public_html/drupal-project/vendor/civicrm/cli-tools/extern/cv.phar/vendor/symfony/console/Application.php(218): Cvphar\Symfony\Component\Console\Application->doRunCommand(Object(Civi\Cv\Command\UpgradeDbCommand), Object(Civi\Cv\Util\CvArgvInput), Object(Cvphar\Symfony\Component\Console\Output\ConsoleOutput))
#37 phar:///home/benmang1/public_html/drupal-project/vendor/civicrm/cli-tools/extern/cv.phar/lib/src/BaseApplication.php(99): Cvphar\Symfony\Component\Console\Application->doRun(Object(Civi\Cv\Util\CvArgvInput), Object(Cvphar\Symfony\Component\Console\Output\ConsoleOutput))
#38 phar:///home/benmang1/public_html/drupal-project/vendor/civicrm/cli-tools/extern/cv.phar/vendor/symfony/console/Application.php(124): Civi\Cv\BaseApplication->doRun(Object(Civi\Cv\Util\CvArgvInput), Object(Cvphar\Symfony\Component\Console\Output\ConsoleOutput))
#39 phar:///home/benmang1/public_html/drupal-project/vendor/civicrm/cli-tools/extern/cv.phar/lib/src/BaseApplication.php(66): Cvphar\Symfony\Component\Console\Application->run(Object(Civi\Cv\Util\CvArgvInput), Object(Cvphar\Symfony\Component\Console\Output\ConsoleOutput))
#40 phar:///home/benmang1/public_html/drupal-project/vendor/civicrm/cli-tools/extern/cv.phar/lib/src/BaseApplication.php(28): Civi\Cv\BaseApplication->run(Object(Civi\Cv\Util\CvArgvInput), Object(Cvphar\Symfony\Component\Console\Output\ConsoleOutput))
#41 phar:///home/benmang1/public_html/drupal-project/vendor/civicrm/cli-tools/extern/cv.phar/bin/cv(32): Civi\Cv\BaseApplication::main("cv", "phar:///home/benmang1/public_html/drupal-project/vendor/civicrm/cli-tools/ext...", (Array:2))
#42 /home/benmang1/public_html/drupal-project/vendor/civicrm/cli-tools/extern/cv.phar(15): require("phar:///home/benmang1/public_html/drupal-project/vendor/civicrm/cli-tools/ext...")
#43 /home/benmang1/public_html/drupal-project/vendor/civicrm/cli-tools/bin/cv(7): require("/home/benmang1/public_html/drupal-project/vendor/civicrm/cli-tools/extern/cv....")
#44 /home/benmang1/public_html/drupal-project/vendor/bin/cv(120): include("/home/benmang1/public_html/drupal-project/vendor/civicrm/cli-tools/bin/cv")
#45 {main}


2026-07-05 14:10:58+0100  [debug] DB Error: no such table SELECT
  `a`.`id` AS `id`
FROM `civicrm_riverlea_stream` a
WHERE (`a`.`name` = "minetta")
LIMIT 2
OFFSET 0
 [nativecode=1146 ** Table 'benmang1_benmango8_civi.civicrm_riverlea_stream' doesn't exist]

#0 /home/benmang1/public_html/drupal-project/vendor/pear/db/DB.php(986): PEAR_Error->__construct("DB Error: no such table", -18, 16, (Array:2), "SELECT\n  `a`.`id` AS `id`\nFROM `civicrm_riverlea_stream` a\nWHERE (`a`.`nam...")
#1 /home/benmang1/public_html/drupal-project/vendor/pear/pear-core-minimal/src/PEAR.php(585): DB_Error->__construct(-18, 16, (Array:2), "SELECT\n  `a`.`id` AS `id`\nFROM `civicrm_riverlea_stream` a\nWHERE (`a`.`nam...")
#2 /home/benmang1/public_html/drupal-project/vendor/pear/pear-core-minimal/src/PEAR.php(229): PEAR::_raiseError(Object(DB_mysqli), NULL, -18, 16, (Array:2), "SELECT\n  `a`.`id` AS `id`\nFROM `civicrm_riverlea_stream` a\nWHERE (`a`.`nam...", "DB_Error", TRUE)
#3 /home/benmang1/public_html/drupal-project/vendor/pear/db/DB/common.php(1935): PEAR->__call("raiseError", (Array:7))
#4 /home/benmang1/public_html/drupal-project/vendor/pear/db/DB/mysqli.php(962): DB_common->raiseError(-18, NULL, NULL, "SELECT\n  `a`.`id` AS `id`\nFROM `civicrm_riverlea_stream` a\nWHERE (`a`.`nam...", "1146 ** Table 'benmang1_benmango8_civi.civicrm_riverlea_stream' doesn't exist")
#5 /home/benmang1/public_html/drupal-project/vendor/pear/db/DB/mysqli.php(411): DB_mysqli->mysqliRaiseError()
#6 /home/benmang1/public_html/drupal-project/vendor/pear/db/DB/common.php(1225): DB_mysqli->simpleQuery("SELECT\n  `a`.`id` AS `id`\nFROM `civicrm_riverlea_stream` a\nWHERE (`a`.`nam...")
#7 /home/benmang1/public_html/drupal-project/vendor/civicrm/civicrm-packages/DB/DataObject.php(2696): DB_common->query("SELECT\n  `a`.`id` AS `id`\nFROM `civicrm_riverlea_stream` a\nWHERE (`a`.`nam...")
#8 /home/benmang1/public_html/drupal-project/vendor/civicrm/civicrm-packages/DB/DataObject.php(1829): DB_DataObject->_query("SELECT\n  `a`.`id` AS `id`\nFROM `civicrm_riverlea_stream` a\nWHERE (`a`.`nam...")
#9 /home/benmang1/public_html/drupal-project/vendor/civicrm/civicrm-core/CRM/Core/DAO.php(598): DB_DataObject->query("SELECT\n  `a`.`id` AS `id`\nFROM `civicrm_riverlea_stream` a\nWHERE (`a`.`nam...")
#10 /home/benmang1/public_html/drupal-project/vendor/civicrm/civicrm-core/CRM/Core/DAO.php(1741): CRM_Core_DAO->query("SELECT\n  `a`.`id` AS `id`\nFROM `civicrm_riverlea_stream` a\nWHERE (`a`.`nam...", TRUE)
#11 /home/benmang1/public_html/drupal-project/vendor/civicrm/civicrm-core/Civi/Api4/Query/Api4Query.php(89): CRM_Core_DAO::executeQuery("SELECT\n  `a`.`id` AS `id`\nFROM `civicrm_riverlea_stream` a\nWHERE (`a`.`nam...")
#12 /home/benmang1/public_html/drupal-project/vendor/civicrm/civicrm-core/Civi/Api4/Query/Api4SelectQuery.php(106): Civi\Api4\Query\Api4Query->getResults()
#13 /home/benmang1/public_html/drupal-project/vendor/civicrm/civicrm-core/Civi/Api4/Generic/DAOGetAction.php(107): Civi\Api4\Query\Api4SelectQuery->run()
#14 /home/benmang1/public_html/drupal-project/vendor/civicrm/civicrm-core/Civi/Api4/Generic/DAOGetAction.php(94): Civi\Api4\Generic\DAOGetAction->getObjects(Object(Civi\Api4\Generic\Result))
#15 /home/benmang1/public_html/drupal-project/vendor/civicrm/civicrm-core/Civi/Api4/Provider/ActionObjectProvider.php(91): Civi\Api4\Generic\DAOGetAction->_run(Object(Civi\Api4\Generic\Result))
#16 /home/benmang1/public_html/drupal-project/vendor/civicrm/civicrm-core/Civi/API/Kernel.php(164): Civi\Api4\Provider\ActionObjectProvider->invoke(Object(Civi\Api4\Generic\DAOGetAction))
#17 /home/benmang1/public_html/drupal-project/vendor/civicrm/civicrm-core/Civi/Api4/Generic/AbstractAction.php(251): Civi\API\Kernel->runRequest(Object(Civi\Api4\Generic\DAOGetAction))
#18 /home/benmang1/public_html/drupal-project/vendor/civicrm/civicrm-core/api/api.php(102): Civi\Api4\Generic\AbstractAction->execute()
#19 /home/benmang1/public_html/drupal-project/vendor/civicrm/civicrm-core/Civi/Api4/Generic/Traits/MatchParamTrait.php(60): civicrm_api4("RiverleaStream", "get", (Array:4))
#20 /home/benmang1/public_html/drupal-project/vendor/civicrm/civicrm-core/Civi/Api4/Generic/DAOSaveAction.php(35): Civi\Api4\Generic\AbstractSaveAction->matchExisting((Array:8))
#21 /home/benmang1/public_html/drupal-project/vendor/civicrm/civicrm-core/Civi/Api4/Provider/ActionObjectProvider.php(91): Civi\Api4\Generic\DAOSaveAction->_run(Object(Civi\Api4\Generic\Result))
#22 /home/benmang1/public_html/drupal-project/vendor/civicrm/civicrm-core/Civi/API/Kernel.php(164): Civi\Api4\Provider\ActionObjectProvider->invoke(Object(Civi\Api4\Generic\DAOSaveAction))
#23 /home/benmang1/public_html/drupal-project/vendor/civicrm/civicrm-core/Civi/Api4/Generic/AbstractAction.php(251): Civi\API\Kernel->runRequest(Object(Civi\Api4\Generic\DAOSaveAction))
#24 /home/benmang1/public_html/drupal-project/vendor/civicrm/civicrm-core/api/api.php(102): Civi\Api4\Generic\AbstractAction->execute()
#25 /home/benmang1/public_html/drupal-project/vendor/civicrm/civicrm-core/CRM/Core/ManagedEntities.php(244): civicrm_api4("RiverleaStream", "save", (Array:4))
#26 /home/benmang1/public_html/drupal-project/vendor/civicrm/civicrm-core/CRM/Core/ManagedEntities.php(153): CRM_Core_ManagedEntities->insertNewEntity((Array:8))
#27 /home/benmang1/public_html/drupal-project/vendor/civicrm/civicrm-core/CRM/Core/ManagedEntities.php(81): CRM_Core_ManagedEntities->reconcileEntities((Array:70))
#28 /home/benmang1/public_html/drupal-project/vendor/civicrm/civicrm-core/Civi/Core/Rebuilder.php(217): CRM_Core_ManagedEntities->reconcile()
#29 /home/benmang1/public_html/drupal-project/vendor/civicrm/civicrm-core/CRM/Upgrade/Form.php(836): Civi\Core\Rebuilder->execute()
#30 /home/benmang1/public_html/drupal-project/vendor/civicrm/civicrm-core/CRM/Queue/Task.php(101): CRM_Upgrade_Form::doRebuild(Object(CRM_Queue_TaskContext))
#31 phar:///home/benmang1/public_html/drupal-project/vendor/civicrm/cli-tools/extern/cv.phar/src/Util/ConsoleQueueRunner.php(45): CRM_Queue_Task->run(Object(CRM_Queue_TaskContext))
#32 phar:///home/benmang1/public_html/drupal-project/vendor/civicrm/cli-tools/extern/cv.phar/src/Command/UpgradeDbCommand.php(140): Civi\Cv\Util\ConsoleQueueRunner->runAll()
#33 phar:///home/benmang1/public_html/drupal-project/vendor/civicrm/cli-tools/extern/cv.phar/src/Command/UpgradeDbCommand.php(68): Civi\Cv\Command\UpgradeDbCommand->runCoreUpgrade(TRUE, "6.5.0", "/home/benmang1/.cv/upgrade/8d8c6d76dadc4056c6aeef3bb244edb8.dat", "6.16.0")
#34 phar:///home/benmang1/public_html/drupal-project/vendor/civicrm/cli-tools/extern/cv.phar/vendor/symfony/console/Command/Command.php(155): Civi\Cv\Command\UpgradeDbCommand->execute(Object(Civi\Cv\Util\CvArgvInput), Object(Cvphar\Symfony\Component\Console\Output\ConsoleOutput))
#35 phar:///home/benmang1/public_html/drupal-project/vendor/civicrm/cli-tools/extern/cv.phar/vendor/symfony/console/Application.php(678): Cvphar\Symfony\Component\Console\Command\Command->run(Object(Civi\Cv\Util\CvArgvInput), Object(Cvphar\Symfony\Component\Console\Output\ConsoleOutput))
#36 phar:///home/benmang1/public_html/drupal-project/vendor/civicrm/cli-tools/extern/cv.phar/vendor/symfony/console/Application.php(218): Cvphar\Symfony\Component\Console\Application->doRunCommand(Object(Civi\Cv\Command\UpgradeDbCommand), Object(Civi\Cv\Util\CvArgvInput), Object(Cvphar\Symfony\Component\Console\Output\ConsoleOutput))
#37 phar:///home/benmang1/public_html/drupal-project/vendor/civicrm/cli-tools/extern/cv.phar/lib/src/BaseApplication.php(99): Cvphar\Symfony\Component\Console\Application->doRun(Object(Civi\Cv\Util\CvArgvInput), Object(Cvphar\Symfony\Component\Console\Output\ConsoleOutput))
#38 phar:///home/benmang1/public_html/drupal-project/vendor/civicrm/cli-tools/extern/cv.phar/vendor/symfony/console/Application.php(124): Civi\Cv\BaseApplication->doRun(Object(Civi\Cv\Util\CvArgvInput), Object(Cvphar\Symfony\Component\Console\Output\ConsoleOutput))
#39 phar:///home/benmang1/public_html/drupal-project/vendor/civicrm/cli-tools/extern/cv.phar/lib/src/BaseApplication.php(66): Cvphar\Symfony\Component\Console\Application->run(Object(Civi\Cv\Util\CvArgvInput), Object(Cvphar\Symfony\Component\Console\Output\ConsoleOutput))
#40 phar:///home/benmang1/public_html/drupal-project/vendor/civicrm/cli-tools/extern/cv.phar/lib/src/BaseApplication.php(28): Civi\Cv\BaseApplication->run(Object(Civi\Cv\Util\CvArgvInput), Object(Cvphar\Symfony\Component\Console\Output\ConsoleOutput))
#41 phar:///home/benmang1/public_html/drupal-project/vendor/civicrm/cli-tools/extern/cv.phar/bin/cv(32): Civi\Cv\BaseApplication::main("cv", "phar:///home/benmang1/public_html/drupal-project/vendor/civicrm/cli-tools/ext...", (Array:2))
#42 /home/benmang1/public_html/drupal-project/vendor/civicrm/cli-tools/extern/cv.phar(15): require("phar:///home/benmang1/public_html/drupal-project/vendor/civicrm/cli-tools/ext...")
#43 /home/benmang1/public_html/drupal-project/vendor/civicrm/cli-tools/bin/cv(7): require("/home/benmang1/public_html/drupal-project/vendor/civicrm/cli-tools/extern/cv....")
#44 /home/benmang1/public_html/drupal-project/vendor/bin/cv(120): include("/home/benmang1/public_html/drupal-project/vendor/civicrm/cli-tools/bin/cv")
#45 {main}


2026-07-05 14:10:58+0100  [debug] DB Error: no such table SELECT
  `a`.`id` AS `id`
FROM `civicrm_riverlea_stream` a
WHERE (`a`.`name` = "thames")
LIMIT 2
OFFSET 0
 [nativecode=1146 ** Table 'benmang1_benmango8_civi.civicrm_riverlea_stream' doesn't exist]

#0 /home/benmang1/public_html/drupal-project/vendor/pear/db/DB.php(986): PEAR_Error->__construct("DB Error: no such table", -18, 16, (Array:2), "SELECT\n  `a`.`id` AS `id`\nFROM `civicrm_riverlea_stream` a\nWHERE (`a`.`nam...")
#1 /home/benmang1/public_html/drupal-project/vendor/pear/pear-core-minimal/src/PEAR.php(585): DB_Error->__construct(-18, 16, (Array:2), "SELECT\n  `a`.`id` AS `id`\nFROM `civicrm_riverlea_stream` a\nWHERE (`a`.`nam...")
#2 /home/benmang1/public_html/drupal-project/vendor/pear/pear-core-minimal/src/PEAR.php(229): PEAR::_raiseError(Object(DB_mysqli), NULL, -18, 16, (Array:2), "SELECT\n  `a`.`id` AS `id`\nFROM `civicrm_riverlea_stream` a\nWHERE (`a`.`nam...", "DB_Error", TRUE)
#3 /home/benmang1/public_html/drupal-project/vendor/pear/db/DB/common.php(1935): PEAR->__call("raiseError", (Array:7))
#4 /home/benmang1/public_html/drupal-project/vendor/pear/db/DB/mysqli.php(962): DB_common->raiseError(-18, NULL, NULL, "SELECT\n  `a`.`id` AS `id`\nFROM `civicrm_riverlea_stream` a\nWHERE (`a`.`nam...", "1146 ** Table 'benmang1_benmango8_civi.civicrm_riverlea_stream' doesn't exist")
#5 /home/benmang1/public_html/drupal-project/vendor/pear/db/DB/mysqli.php(411): DB_mysqli->mysqliRaiseError()
#6 /home/benmang1/public_html/drupal-project/vendor/pear/db/DB/common.php(1225): DB_mysqli->simpleQuery("SELECT\n  `a`.`id` AS `id`\nFROM `civicrm_riverlea_stream` a\nWHERE (`a`.`nam...")
#7 /home/benmang1/public_html/drupal-project/vendor/civicrm/civicrm-packages/DB/DataObject.php(2696): DB_common->query("SELECT\n  `a`.`id` AS `id`\nFROM `civicrm_riverlea_stream` a\nWHERE (`a`.`nam...")
#8 /home/benmang1/public_html/drupal-project/vendor/civicrm/civicrm-packages/DB/DataObject.php(1829): DB_DataObject->_query("SELECT\n  `a`.`id` AS `id`\nFROM `civicrm_riverlea_stream` a\nWHERE (`a`.`nam...")
#9 /home/benmang1/public_html/drupal-project/vendor/civicrm/civicrm-core/CRM/Core/DAO.php(598): DB_DataObject->query("SELECT\n  `a`.`id` AS `id`\nFROM `civicrm_riverlea_stream` a\nWHERE (`a`.`nam...")
#10 /home/benmang1/public_html/drupal-project/vendor/civicrm/civicrm-core/CRM/Core/DAO.php(1741): CRM_Core_DAO->query("SELECT\n  `a`.`id` AS `id`\nFROM `civicrm_riverlea_stream` a\nWHERE (`a`.`nam...", TRUE)
#11 /home/benmang1/public_html/drupal-project/vendor/civicrm/civicrm-core/Civi/Api4/Query/Api4Query.php(89): CRM_Core_DAO::executeQuery("SELECT\n  `a`.`id` AS `id`\nFROM `civicrm_riverlea_stream` a\nWHERE (`a`.`nam...")
#12 /home/benmang1/public_html/drupal-project/vendor/civicrm/civicrm-core/Civi/Api4/Query/Api4SelectQuery.php(106): Civi\Api4\Query\Api4Query->getResults()
#13 /home/benmang1/public_html/drupal-project/vendor/civicrm/civicrm-core/Civi/Api4/Generic/DAOGetAction.php(107): Civi\Api4\Query\Api4SelectQuery->run()
#14 /home/benmang1/public_html/drupal-project/vendor/civicrm/civicrm-core/Civi/Api4/Generic/DAOGetAction.php(94): Civi\Api4\Generic\DAOGetAction->getObjects(Object(Civi\Api4\Generic\Result))
#15 /home/benmang1/public_html/drupal-project/vendor/civicrm/civicrm-core/Civi/Api4/Provider/ActionObjectProvider.php(91): Civi\Api4\Generic\DAOGetAction->_run(Object(Civi\Api4\Generic\Result))
#16 /home/benmang1/public_html/drupal-project/vendor/civicrm/civicrm-core/Civi/API/Kernel.php(164): Civi\Api4\Provider\ActionObjectProvider->invoke(Object(Civi\Api4\Generic\DAOGetAction))
#17 /home/benmang1/public_html/drupal-project/vendor/civicrm/civicrm-core/Civi/Api4/Generic/AbstractAction.php(251): Civi\API\Kernel->runRequest(Object(Civi\Api4\Generic\DAOGetAction))
#18 /home/benmang1/public_html/drupal-project/vendor/civicrm/civicrm-core/api/api.php(102): Civi\Api4\Generic\AbstractAction->execute()
#19 /home/benmang1/public_html/drupal-project/vendor/civicrm/civicrm-core/Civi/Api4/Generic/Traits/MatchParamTrait.php(60): civicrm_api4("RiverleaStream", "get", (Array:4))
#20 /home/benmang1/public_html/drupal-project/vendor/civicrm/civicrm-core/Civi/Api4/Generic/DAOSaveAction.php(35): Civi\Api4\Generic\AbstractSaveAction->matchExisting((Array:9))
#21 /home/benmang1/public_html/drupal-project/vendor/civicrm/civicrm-core/Civi/Api4/Provider/ActionObjectProvider.php(91): Civi\Api4\Generic\DAOSaveAction->_run(Object(Civi\Api4\Generic\Result))
#22 /home/benmang1/public_html/drupal-project/vendor/civicrm/civicrm-core/Civi/API/Kernel.php(164): Civi\Api4\Provider\ActionObjectProvider->invoke(Object(Civi\Api4\Generic\DAOSaveAction))
#23 /home/benmang1/public_html/drupal-project/vendor/civicrm/civicrm-core/Civi/Api4/Generic/AbstractAction.php(251): Civi\API\Kernel->runRequest(Object(Civi\Api4\Generic\DAOSaveAction))
#24 /home/benmang1/public_html/drupal-project/vendor/civicrm/civicrm-core/api/api.php(102): Civi\Api4\Generic\AbstractAction->execute()
#25 /home/benmang1/public_html/drupal-project/vendor/civicrm/civicrm-core/CRM/Core/ManagedEntities.php(244): civicrm_api4("RiverleaStream", "save", (Array:4))
#26 /home/benmang1/public_html/drupal-project/vendor/civicrm/civicrm-core/CRM/Core/ManagedEntities.php(153): CRM_Core_ManagedEntities->insertNewEntity((Array:8))
#27 /home/benmang1/public_html/drupal-project/vendor/civicrm/civicrm-core/CRM/Core/ManagedEntities.php(81): CRM_Core_ManagedEntities->reconcileEntities((Array:70))
#28 /home/benmang1/public_html/drupal-project/vendor/civicrm/civicrm-core/Civi/Core/Rebuilder.php(217): CRM_Core_ManagedEntities->reconcile()
#29 /home/benmang1/public_html/drupal-project/vendor/civicrm/civicrm-core/CRM/Upgrade/Form.php(836): Civi\Core\Rebuilder->execute()
#30 /home/benmang1/public_html/drupal-project/vendor/civicrm/civicrm-core/CRM/Queue/Task.php(101): CRM_Upgrade_Form::doRebuild(Object(CRM_Queue_TaskContext))
#31 phar:///home/benmang1/public_html/drupal-project/vendor/civicrm/cli-tools/extern/cv.phar/src/Util/ConsoleQueueRunner.php(45): CRM_Queue_Task->run(Object(CRM_Queue_TaskContext))
#32 phar:///home/benmang1/public_html/drupal-project/vendor/civicrm/cli-tools/extern/cv.phar/src/Command/UpgradeDbCommand.php(140): Civi\Cv\Util\ConsoleQueueRunner->runAll()
#33 phar:///home/benmang1/public_html/drupal-project/vendor/civicrm/cli-tools/extern/cv.phar/src/Command/UpgradeDbCommand.php(68): Civi\Cv\Command\UpgradeDbCommand->runCoreUpgrade(TRUE, "6.5.0", "/home/benmang1/.cv/upgrade/8d8c6d76dadc4056c6aeef3bb244edb8.dat", "6.16.0")
#34 phar:///home/benmang1/public_html/drupal-project/vendor/civicrm/cli-tools/extern/cv.phar/vendor/symfony/console/Command/Command.php(155): Civi\Cv\Command\UpgradeDbCommand->execute(Object(Civi\Cv\Util\CvArgvInput), Object(Cvphar\Symfony\Component\Console\Output\ConsoleOutput))
#35 phar:///home/benmang1/public_html/drupal-project/vendor/civicrm/cli-tools/extern/cv.phar/vendor/symfony/console/Application.php(678): Cvphar\Symfony\Component\Console\Command\Command->run(Object(Civi\Cv\Util\CvArgvInput), Object(Cvphar\Symfony\Component\Console\Output\ConsoleOutput))
#36 phar:///home/benmang1/public_html/drupal-project/vendor/civicrm/cli-tools/extern/cv.phar/vendor/symfony/console/Application.php(218): Cvphar\Symfony\Component\Console\Application->doRunCommand(Object(Civi\Cv\Command\UpgradeDbCommand), Object(Civi\Cv\Util\CvArgvInput), Object(Cvphar\Symfony\Component\Console\Output\ConsoleOutput))
#37 phar:///home/benmang1/public_html/drupal-project/vendor/civicrm/cli-tools/extern/cv.phar/lib/src/BaseApplication.php(99): Cvphar\Symfony\Component\Console\Application->doRun(Object(Civi\Cv\Util\CvArgvInput), Object(Cvphar\Symfony\Component\Console\Output\ConsoleOutput))
#38 phar:///home/benmang1/public_html/drupal-project/vendor/civicrm/cli-tools/extern/cv.phar/vendor/symfony/console/Application.php(124): Civi\Cv\BaseApplication->doRun(Object(Civi\Cv\Util\CvArgvInput), Object(Cvphar\Symfony\Component\Console\Output\ConsoleOutput))
#39 phar:///home/benmang1/public_html/drupal-project/vendor/civicrm/cli-tools/extern/cv.phar/lib/src/BaseApplication.php(66): Cvphar\Symfony\Component\Console\Application->run(Object(Civi\Cv\Util\CvArgvInput), Object(Cvphar\Symfony\Component\Console\Output\ConsoleOutput))
#40 phar:///home/benmang1/public_html/drupal-project/vendor/civicrm/cli-tools/extern/cv.phar/lib/src/BaseApplication.php(28): Civi\Cv\BaseApplication->run(Object(Civi\Cv\Util\CvArgvInput), Object(Cvphar\Symfony\Component\Console\Output\ConsoleOutput))
#41 phar:///home/benmang1/public_html/drupal-project/vendor/civicrm/cli-tools/extern/cv.phar/bin/cv(32): Civi\Cv\BaseApplication::main("cv", "phar:///home/benmang1/public_html/drupal-project/vendor/civicrm/cli-tools/ext...", (Array:2))
#42 /home/benmang1/public_html/drupal-project/vendor/civicrm/cli-tools/extern/cv.phar(15): require("phar:///home/benmang1/public_html/drupal-project/vendor/civicrm/cli-tools/ext...")
#43 /home/benmang1/public_html/drupal-project/vendor/civicrm/cli-tools/bin/cv(7): require("/home/benmang1/public_html/drupal-project/vendor/civicrm/cli-tools/extern/cv....")
#44 /home/benmang1/public_html/drupal-project/vendor/bin/cv(120): include("/home/benmang1/public_html/drupal-project/vendor/civicrm/cli-tools/bin/cv")
#45 {main}


2026-07-05 14:10:58+0100  [debug] DB Error: no such table SELECT
  `a`.`id` AS `id`
FROM `civicrm_riverlea_stream` a
WHERE (`a`.`name` = "walbrook")
LIMIT 2
OFFSET 0
 [nativecode=1146 ** Table 'benmang1_benmango8_civi.civicrm_riverlea_stream' doesn't exist]

#0 /home/benmang1/public_html/drupal-project/vendor/pear/db/DB.php(986): PEAR_Error->__construct("DB Error: no such table", -18, 16, (Array:2), "SELECT\n  `a`.`id` AS `id`\nFROM `civicrm_riverlea_stream` a\nWHERE (`a`.`nam...")
#1 /home/benmang1/public_html/drupal-project/vendor/pear/pear-core-minimal/src/PEAR.php(585): DB_Error->__construct(-18, 16, (Array:2), "SELECT\n  `a`.`id` AS `id`\nFROM `civicrm_riverlea_stream` a\nWHERE (`a`.`nam...")
#2 /home/benmang1/public_html/drupal-project/vendor/pear/pear-core-minimal/src/PEAR.php(229): PEAR::_raiseError(Object(DB_mysqli), NULL, -18, 16, (Array:2), "SELECT\n  `a`.`id` AS `id`\nFROM `civicrm_riverlea_stream` a\nWHERE (`a`.`nam...", "DB_Error", TRUE)
#3 /home/benmang1/public_html/drupal-project/vendor/pear/db/DB/common.php(1935): PEAR->__call("raiseError", (Array:7))
#4 /home/benmang1/public_html/drupal-project/vendor/pear/db/DB/mysqli.php(962): DB_common->raiseError(-18, NULL, NULL, "SELECT\n  `a`.`id` AS `id`\nFROM `civicrm_riverlea_stream` a\nWHERE (`a`.`nam...", "1146 ** Table 'benmang1_benmango8_civi.civicrm_riverlea_stream' doesn't exist")
#5 /home/benmang1/public_html/drupal-project/vendor/pear/db/DB/mysqli.php(411): DB_mysqli->mysqliRaiseError()
#6 /home/benmang1/public_html/drupal-project/vendor/pear/db/DB/common.php(1225): DB_mysqli->simpleQuery("SELECT\n  `a`.`id` AS `id`\nFROM `civicrm_riverlea_stream` a\nWHERE (`a`.`nam...")
#7 /home/benmang1/public_html/drupal-project/vendor/civicrm/civicrm-packages/DB/DataObject.php(2696): DB_common->query("SELECT\n  `a`.`id` AS `id`\nFROM `civicrm_riverlea_stream` a\nWHERE (`a`.`nam...")
#8 /home/benmang1/public_html/drupal-project/vendor/civicrm/civicrm-packages/DB/DataObject.php(1829): DB_DataObject->_query("SELECT\n  `a`.`id` AS `id`\nFROM `civicrm_riverlea_stream` a\nWHERE (`a`.`nam...")
#9 /home/benmang1/public_html/drupal-project/vendor/civicrm/civicrm-core/CRM/Core/DAO.php(598): DB_DataObject->query("SELECT\n  `a`.`id` AS `id`\nFROM `civicrm_riverlea_stream` a\nWHERE (`a`.`nam...")
#10 /home/benmang1/public_html/drupal-project/vendor/civicrm/civicrm-core/CRM/Core/DAO.php(1741): CRM_Core_DAO->query("SELECT\n  `a`.`id` AS `id`\nFROM `civicrm_riverlea_stream` a\nWHERE (`a`.`nam...", TRUE)
#11 /home/benmang1/public_html/drupal-project/vendor/civicrm/civicrm-core/Civi/Api4/Query/Api4Query.php(89): CRM_Core_DAO::executeQuery("SELECT\n  `a`.`id` AS `id`\nFROM `civicrm_riverlea_stream` a\nWHERE (`a`.`nam...")
#12 /home/benmang1/public_html/drupal-project/vendor/civicrm/civicrm-core/Civi/Api4/Query/Api4SelectQuery.php(106): Civi\Api4\Query\Api4Query->getResults()
#13 /home/benmang1/public_html/drupal-project/vendor/civicrm/civicrm-core/Civi/Api4/Generic/DAOGetAction.php(107): Civi\Api4\Query\Api4SelectQuery->run()
#14 /home/benmang1/public_html/drupal-project/vendor/civicrm/civicrm-core/Civi/Api4/Generic/DAOGetAction.php(94): Civi\Api4\Generic\DAOGetAction->getObjects(Object(Civi\Api4\Generic\Result))
#15 /home/benmang1/public_html/drupal-project/vendor/civicrm/civicrm-core/Civi/Api4/Provider/ActionObjectProvider.php(91): Civi\Api4\Generic\DAOGetAction->_run(Object(Civi\Api4\Generic\Result))
#16 /home/benmang1/public_html/drupal-project/vendor/civicrm/civicrm-core/Civi/API/Kernel.php(164): Civi\Api4\Provider\ActionObjectProvider->invoke(Object(Civi\Api4\Generic\DAOGetAction))
#17 /home/benmang1/public_html/drupal-project/vendor/civicrm/civicrm-core/Civi/Api4/Generic/AbstractAction.php(251): Civi\API\Kernel->runRequest(Object(Civi\Api4\Generic\DAOGetAction))
#18 /home/benmang1/public_html/drupal-project/vendor/civicrm/civicrm-core/api/api.php(102): Civi\Api4\Generic\AbstractAction->execute()
#19 /home/benmang1/public_html/drupal-project/vendor/civicrm/civicrm-core/Civi/Api4/Generic/Traits/MatchParamTrait.php(60): civicrm_api4("RiverleaStream", "get", (Array:4))
#20 /home/benmang1/public_html/drupal-project/vendor/civicrm/civicrm-core/Civi/Api4/Generic/DAOSaveAction.php(35): Civi\Api4\Generic\AbstractSaveAction->matchExisting((Array:9))
#21 /home/benmang1/public_html/drupal-project/vendor/civicrm/civicrm-core/Civi/Api4/Provider/ActionObjectProvider.php(91): Civi\Api4\Generic\DAOSaveAction->_run(Object(Civi\Api4\Generic\Result))
#22 /home/benmang1/public_html/drupal-project/vendor/civicrm/civicrm-core/Civi/API/Kernel.php(164): Civi\Api4\Provider\ActionObjectProvider->invoke(Object(Civi\Api4\Generic\DAOSaveAction))
#23 /home/benmang1/public_html/drupal-project/vendor/civicrm/civicrm-core/Civi/Api4/Generic/AbstractAction.php(251): Civi\API\Kernel->runRequest(Object(Civi\Api4\Generic\DAOSaveAction))
#24 /home/benmang1/public_html/drupal-project/vendor/civicrm/civicrm-core/api/api.php(102): Civi\Api4\Generic\AbstractAction->execute()
#25 /home/benmang1/public_html/drupal-project/vendor/civicrm/civicrm-core/CRM/Core/ManagedEntities.php(244): civicrm_api4("RiverleaStream", "save", (Array:4))
#26 /home/benmang1/public_html/drupal-project/vendor/civicrm/civicrm-core/CRM/Core/ManagedEntities.php(153): CRM_Core_ManagedEntities->insertNewEntity((Array:8))
#27 /home/benmang1/public_html/drupal-project/vendor/civicrm/civicrm-core/CRM/Core/ManagedEntities.php(81): CRM_Core_ManagedEntities->reconcileEntities((Array:70))
#28 /home/benmang1/public_html/drupal-project/vendor/civicrm/civicrm-core/Civi/Core/Rebuilder.php(217): CRM_Core_ManagedEntities->reconcile()
#29 /home/benmang1/public_html/drupal-project/vendor/civicrm/civicrm-core/CRM/Upgrade/Form.php(836): Civi\Core\Rebuilder->execute()
#30 /home/benmang1/public_html/drupal-project/vendor/civicrm/civicrm-core/CRM/Queue/Task.php(101): CRM_Upgrade_Form::doRebuild(Object(CRM_Queue_TaskContext))
#31 phar:///home/benmang1/public_html/drupal-project/vendor/civicrm/cli-tools/extern/cv.phar/src/Util/ConsoleQueueRunner.php(45): CRM_Queue_Task->run(Object(CRM_Queue_TaskContext))
#32 phar:///home/benmang1/public_html/drupal-project/vendor/civicrm/cli-tools/extern/cv.phar/src/Command/UpgradeDbCommand.php(140): Civi\Cv\Util\ConsoleQueueRunner->runAll()
#33 phar:///home/benmang1/public_html/drupal-project/vendor/civicrm/cli-tools/extern/cv.phar/src/Command/UpgradeDbCommand.php(68): Civi\Cv\Command\UpgradeDbCommand->runCoreUpgrade(TRUE, "6.5.0", "/home/benmang1/.cv/upgrade/8d8c6d76dadc4056c6aeef3bb244edb8.dat", "6.16.0")
#34 phar:///home/benmang1/public_html/drupal-project/vendor/civicrm/cli-tools/extern/cv.phar/vendor/symfony/console/Command/Command.php(155): Civi\Cv\Command\UpgradeDbCommand->execute(Object(Civi\Cv\Util\CvArgvInput), Object(Cvphar\Symfony\Component\Console\Output\ConsoleOutput))
#35 phar:///home/benmang1/public_html/drupal-project/vendor/civicrm/cli-tools/extern/cv.phar/vendor/symfony/console/Application.php(678): Cvphar\Symfony\Component\Console\Command\Command->run(Object(Civi\Cv\Util\CvArgvInput), Object(Cvphar\Symfony\Component\Console\Output\ConsoleOutput))
#36 phar:///home/benmang1/public_html/drupal-project/vendor/civicrm/cli-tools/extern/cv.phar/vendor/symfony/console/Application.php(218): Cvphar\Symfony\Component\Console\Application->doRunCommand(Object(Civi\Cv\Command\UpgradeDbCommand), Object(Civi\Cv\Util\CvArgvInput), Object(Cvphar\Symfony\Component\Console\Output\ConsoleOutput))
#37 phar:///home/benmang1/public_html/drupal-project/vendor/civicrm/cli-tools/extern/cv.phar/lib/src/BaseApplication.php(99): Cvphar\Symfony\Component\Console\Application->doRun(Object(Civi\Cv\Util\CvArgvInput), Object(Cvphar\Symfony\Component\Console\Output\ConsoleOutput))
#38 phar:///home/benmang1/public_html/drupal-project/vendor/civicrm/cli-tools/extern/cv.phar/vendor/symfony/console/Application.php(124): Civi\Cv\BaseApplication->doRun(Object(Civi\Cv\Util\CvArgvInput), Object(Cvphar\Symfony\Component\Console\Output\ConsoleOutput))
#39 phar:///home/benmang1/public_html/drupal-project/vendor/civicrm/cli-tools/extern/cv.phar/lib/src/BaseApplication.php(66): Cvphar\Symfony\Component\Console\Application->run(Object(Civi\Cv\Util\CvArgvInput), Object(Cvphar\Symfony\Component\Console\Output\ConsoleOutput))
#40 phar:///home/benmang1/public_html/drupal-project/vendor/civicrm/cli-tools/extern/cv.phar/lib/src/BaseApplication.php(28): Civi\Cv\BaseApplication->run(Object(Civi\Cv\Util\CvArgvInput), Object(Cvphar\Symfony\Component\Console\Output\ConsoleOutput))
#41 phar:///home/benmang1/public_html/drupal-project/vendor/civicrm/cli-tools/extern/cv.phar/bin/cv(32): Civi\Cv\BaseApplication::main("cv", "phar:///home/benmang1/public_html/drupal-project/vendor/civicrm/cli-tools/ext...", (Array:2))
#42 /home/benmang1/public_html/drupal-project/vendor/civicrm/cli-tools/extern/cv.phar(15): require("phar:///home/benmang1/public_html/drupal-project/vendor/civicrm/cli-tools/ext...")
#43 /home/benmang1/public_html/drupal-project/vendor/civicrm/cli-tools/bin/cv(7): require("/home/benmang1/public_html/drupal-project/vendor/civicrm/cli-tools/extern/cv....")
#44 /home/benmang1/public_html/drupal-project/vendor/bin/cv(120): include("/home/benmang1/public_html/drupal-project/vendor/civicrm/cli-tools/bin/cv")
#45 {main}


2026-07-08 11:47:44+0100  [debug] Running task: Fetch "org.civicoop.civirules" from "https://lab.civicrm.org/extensions/civirules/-/archive/3.38.0/civirules-3.38.0.zip"

2026-07-08 11:47:45+0100  [debug] Running task: Verify requirements

2026-07-08 11:47:45+0100  [debug] Running task: Swap folders

2026-07-08 11:47:47+0100  [debug] Running task: Rebuild system

2026-07-08 11:47:50+0100  [debug] Running task: Enable "org.civicoop.civirules"

2026-07-08 11:47:55+0100  [debug] Running task: Cleanup workspace

2026-07-08 13:17:38+0100  [debug] Invalid response code received from server 

#0 /home/benmang1/public_html/drupal-project/vendor/pear/pear-core-minimal/src/PEAR.php(587): PEAR_Error->__construct("Invalid response code received from server", 535, 16, (Array:2), NULL)
#1 /home/benmang1/public_html/drupal-project/vendor/pear/pear-core-minimal/src/PEAR.php(246): PEAR::_raiseError(NULL, "Invalid response code received from server", 535)
#2 /home/benmang1/public_html/drupal-project/vendor/pear/net_smtp/Net/SMTP.php(404): PEAR::__callStatic("raiseError", (Array:2))
#3 /home/benmang1/public_html/drupal-project/vendor/pear/net_smtp/Net/SMTP.php(987): Net_SMTP->parseResponse(235)
#4 /home/benmang1/public_html/drupal-project/vendor/pear/net_smtp/Net/SMTP.php(786): Net_SMTP->authLogin("ben@benmango.co.uk", "pompom0204", "", Object(Net_SMTP))
#5 /home/benmang1/public_html/drupal-project/vendor/pear/mail/Mail/smtp.php(462): Net_SMTP->auth("ben@benmango.co.uk", "pompom0204", "authLogin", TRUE)
#6 /home/benmang1/public_html/drupal-project/vendor/pear/mail/Mail/smtp.php(332): Mail_smtp->getSMTPObject()
#7 /home/benmang1/public_html/drupal-project/vendor/pear/mail/Mail/smtp.php(319): Mail_smtp->send_or_fail("info@benmango.co.uk", (Array:9), "SMTP settings are correct.")
#8 /home/benmang1/public_html/drupal-project/vendor/civicrm/civicrm-core/CRM/Utils/Mail/FilteredPearMailer.php(77): Mail_smtp->send("info@benmango.co.uk", (Array:9), "SMTP settings are correct.")
#9 /home/benmang1/public_html/drupal-project/vendor/civicrm/civicrm-core/CRM/Utils/Mail.php(297): CRM_Utils_Mail_FilteredPearMailer->send("info@benmango.co.uk", (Array:9), "SMTP settings are correct.", (Array:4))
#10 /home/benmang1/public_html/drupal-project/vendor/civicrm/civicrm-core/CRM/Admin/Form/Setting/Smtp.php(303): CRM_Utils_Mail::sendTest(Object(CRM_Utils_Mail_FilteredPearMailer), (Array:5))
#11 /home/benmang1/public_html/drupal-project/vendor/civicrm/civicrm-core/CRM/Admin/Form/Setting/Smtp.php(110): CRM_Admin_Form_Setting_Smtp->sendTest((Array:14))
#12 /home/benmang1/public_html/drupal-project/vendor/civicrm/civicrm-core/CRM/Core/Form.php(646): CRM_Admin_Form_Setting_Smtp->postProcess()
#13 /home/benmang1/public_html/drupal-project/vendor/civicrm/civicrm-core/CRM/Core/QuickForm/Action/Refresh.php(57): CRM_Core_Form->mainProcess()
#14 /home/benmang1/public_html/drupal-project/vendor/civicrm/civicrm-packages/HTML/QuickForm/Controller.php(203): CRM_Core_QuickForm_Action_Refresh->perform(Object(CRM_Admin_Form_Setting_Smtp), "refresh")
#15 /home/benmang1/public_html/drupal-project/vendor/civicrm/civicrm-packages/HTML/QuickForm/Page.php(103): HTML_QuickForm_Controller->handle(Object(CRM_Admin_Form_Setting_Smtp), "refresh")
#16 /home/benmang1/public_html/drupal-project/vendor/civicrm/civicrm-core/CRM/Core/Controller.php(350): HTML_QuickForm_Page->handle("refresh")
#17 /home/benmang1/public_html/drupal-project/vendor/civicrm/civicrm-core/CRM/Utils/Wrapper.php(98): CRM_Core_Controller->run()
#18 /home/benmang1/public_html/drupal-project/vendor/civicrm/civicrm-core/CRM/Core/Invoke.php(246): CRM_Utils_Wrapper->run("CRM_Admin_Form_Setting_Smtp", "Outbound Email Settings", (Array:0))
#19 /home/benmang1/public_html/drupal-project/vendor/civicrm/civicrm-core/CRM/Core/Invoke.php(82): CRM_Core_Invoke::runItem((Array:18))
#20 /home/benmang1/public_html/drupal-project/vendor/civicrm/civicrm-core/CRM/Core/Invoke.php(40): CRM_Core_Invoke::_invoke((Array:4))
#21 /home/benmang1/public_html/drupal-project/web/modules/contrib/civicrm/src/Civicrm.php(87): CRM_Core_Invoke::invoke((Array:4))
#22 /home/benmang1/public_html/drupal-project/web/modules/contrib/civicrm/src/Controller/CivicrmController.php(83): Drupal\civicrm\Civicrm->invoke((Array:4))
#23 [internal function](): Drupal\civicrm\Controller\CivicrmController->main((Array:4), "")
#24 /home/benmang1/public_html/drupal-project/web/core/lib/Drupal/Core/EventSubscriber/EarlyRenderingControllerWrapperSubscriber.php(123): call_user_func_array((Array:2), (Array:2))
#25 /home/benmang1/public_html/drupal-project/web/core/lib/Drupal/Core/Render/Renderer.php(637): Drupal\Core\EventSubscriber\EarlyRenderingControllerWrapperSubscriber->Drupal\Core\EventSubscriber\{closure}()
#26 /home/benmang1/public_html/drupal-project/web/core/lib/Drupal/Core/EventSubscriber/EarlyRenderingControllerWrapperSubscriber.php(121): Drupal\Core\Render\Renderer->executeInRenderContext(Object(Drupal\Core\Render\RenderContext), Object(Closure))
#27 /home/benmang1/public_html/drupal-project/web/core/lib/Drupal/Core/EventSubscriber/EarlyRenderingControllerWrapperSubscriber.php(97): Drupal\Core\EventSubscriber\EarlyRenderingControllerWrapperSubscriber->wrapControllerExecutionInRenderContext((Array:2), (Array:2))
#28 /home/benmang1/public_html/drupal-project/vendor/symfony/http-kernel/HttpKernel.php(181): Drupal\Core\EventSubscriber\EarlyRenderingControllerWrapperSubscriber->Drupal\Core\EventSubscriber\{closure}()
#29 /home/benmang1/public_html/drupal-project/vendor/symfony/http-kernel/HttpKernel.php(76): Symfony\Component\HttpKernel\HttpKernel->handleRaw(Object(Symfony\Component\HttpFoundation\Request), 1)
#30 /home/benmang1/public_html/drupal-project/web/core/lib/Drupal/Core/StackMiddleware/Session.php(53): Symfony\Component\HttpKernel\HttpKernel->handle(Object(Symfony\Component\HttpFoundation\Request), 1, TRUE)
#31 /home/benmang1/public_html/drupal-project/web/core/lib/Drupal/Core/StackMiddleware/KernelPreHandle.php(48): Drupal\Core\StackMiddleware\Session->handle(Object(Symfony\Component\HttpFoundation\Request), 1, TRUE)
#32 /home/benmang1/public_html/drupal-project/web/core/lib/Drupal/Core/StackMiddleware/ContentLength.php(28): Drupal\Core\StackMiddleware\KernelPreHandle->handle(Object(Symfony\Component\HttpFoundation\Request), 1, TRUE)
#33 /home/benmang1/public_html/drupal-project/web/core/modules/page_cache/src/StackMiddleware/PageCache.php(116): Drupal\Core\StackMiddleware\ContentLength->handle(Object(Symfony\Component\HttpFoundation\Request), 1, TRUE)
#34 /home/benmang1/public_html/drupal-project/web/core/modules/page_cache/src/StackMiddleware/PageCache.php(90): Drupal\page_cache\StackMiddleware\PageCache->pass(Object(Symfony\Component\HttpFoundation\Request), 1, TRUE)
#35 /home/benmang1/public_html/drupal-project/web/core/lib/Drupal/Core/StackMiddleware/ReverseProxyMiddleware.php(48): Drupal\page_cache\StackMiddleware\PageCache->handle(Object(Symfony\Component\HttpFoundation\Request), 1, TRUE)
#36 /home/benmang1/public_html/drupal-project/web/core/lib/Drupal/Core/StackMiddleware/NegotiationMiddleware.php(51): Drupal\Core\StackMiddleware\ReverseProxyMiddleware->handle(Object(Symfony\Component\HttpFoundation\Request), 1, TRUE)
#37 /home/benmang1/public_html/drupal-project/web/core/lib/Drupal/Core/StackMiddleware/AjaxPageState.php(36): Drupal\Core\StackMiddleware\NegotiationMiddleware->handle(Object(Symfony\Component\HttpFoundation\Request), 1, TRUE)
#38 /home/benmang1/public_html/drupal-project/web/core/lib/Drupal/Core/StackMiddleware/StackedHttpKernel.php(51): Drupal\Core\StackMiddleware\AjaxPageState->handle(Object(Symfony\Component\HttpFoundation\Request), 1, TRUE)
#39 /home/benmang1/public_html/drupal-project/web/core/lib/Drupal/Core/DrupalKernel.php(741): Drupal\Core\StackMiddleware\StackedHttpKernel->handle(Object(Symfony\Component\HttpFoundation\Request), 1, TRUE)
#40 /home/benmang1/public_html/drupal-project/web/index.php(19): Drupal\Core\DrupalKernel->handle(Object(Symfony\Component\HttpFoundation\Request))
#41 {main}


2026-07-08 13:17:38+0100  [error] Invalid response code received from server

2026-07-08 13:19:21+0100  [debug] Connection refused 

#0 /home/benmang1/public_html/drupal-project/vendor/pear/pear-core-minimal/src/PEAR.php(587): PEAR_Error->__construct("Connection refused", 111, 16, (Array:2), NULL)
#1 /home/benmang1/public_html/drupal-project/vendor/pear/pear-core-minimal/src/PEAR.php(229): PEAR::_raiseError(Object(Net_Socket), "Connection refused", 111)
#2 /home/benmang1/public_html/drupal-project/vendor/pear/net_socket/Net/Socket.php(194): PEAR->__call("raiseError", (Array:2))
#3 /home/benmang1/public_html/drupal-project/vendor/pear/net_smtp/Net/SMTP.php(474): Net_Socket->connect("ssl://email01.uk-noc.com", "465", FALSE, 30, (Array:0))
#4 /home/benmang1/public_html/drupal-project/vendor/pear/mail/Mail/smtp.php(449): Net_SMTP->connect(30)
#5 /home/benmang1/public_html/drupal-project/vendor/pear/mail/Mail/smtp.php(332): Mail_smtp->getSMTPObject()
#6 /home/benmang1/public_html/drupal-project/vendor/pear/mail/Mail/smtp.php(319): Mail_smtp->send_or_fail("info@benmango.co.uk", (Array:9), "SMTP settings are correct.")
#7 /home/benmang1/public_html/drupal-project/vendor/civicrm/civicrm-core/CRM/Utils/Mail/FilteredPearMailer.php(77): Mail_smtp->send("info@benmango.co.uk", (Array:9), "SMTP settings are correct.")
#8 /home/benmang1/public_html/drupal-project/vendor/civicrm/civicrm-core/CRM/Utils/Mail.php(297): CRM_Utils_Mail_FilteredPearMailer->send("info@benmango.co.uk", (Array:9), "SMTP settings are correct.", (Array:4))
#9 /home/benmang1/public_html/drupal-project/vendor/civicrm/civicrm-core/CRM/Admin/Form/Setting/Smtp.php(303): CRM_Utils_Mail::sendTest(Object(CRM_Utils_Mail_FilteredPearMailer), (Array:5))
#10 /home/benmang1/public_html/drupal-project/vendor/civicrm/civicrm-core/CRM/Admin/Form/Setting/Smtp.php(110): CRM_Admin_Form_Setting_Smtp->sendTest((Array:14))
#11 /home/benmang1/public_html/drupal-project/vendor/civicrm/civicrm-core/CRM/Core/Form.php(646): CRM_Admin_Form_Setting_Smtp->postProcess()
#12 /home/benmang1/public_html/drupal-project/vendor/civicrm/civicrm-core/CRM/Core/QuickForm/Action/Refresh.php(57): CRM_Core_Form->mainProcess()
#13 /home/benmang1/public_html/drupal-project/vendor/civicrm/civicrm-packages/HTML/QuickForm/Controller.php(203): CRM_Core_QuickForm_Action_Refresh->perform(Object(CRM_Admin_Form_Setting_Smtp), "refresh")
#14 /home/benmang1/public_html/drupal-project/vendor/civicrm/civicrm-packages/HTML/QuickForm/Page.php(103): HTML_QuickForm_Controller->handle(Object(CRM_Admin_Form_Setting_Smtp), "refresh")
#15 /home/benmang1/public_html/drupal-project/vendor/civicrm/civicrm-core/CRM/Core/Controller.php(350): HTML_QuickForm_Page->handle("refresh")
#16 /home/benmang1/public_html/drupal-project/vendor/civicrm/civicrm-core/CRM/Utils/Wrapper.php(98): CRM_Core_Controller->run()
#17 /home/benmang1/public_html/drupal-project/vendor/civicrm/civicrm-core/CRM/Core/Invoke.php(246): CRM_Utils_Wrapper->run("CRM_Admin_Form_Setting_Smtp", "Outbound Email Settings", (Array:0))
#18 /home/benmang1/public_html/drupal-project/vendor/civicrm/civicrm-core/CRM/Core/Invoke.php(82): CRM_Core_Invoke::runItem((Array:18))
#19 /home/benmang1/public_html/drupal-project/vendor/civicrm/civicrm-core/CRM/Core/Invoke.php(40): CRM_Core_Invoke::_invoke((Array:4))
#20 /home/benmang1/public_html/drupal-project/web/modules/contrib/civicrm/src/Civicrm.php(87): CRM_Core_Invoke::invoke((Array:4))
#21 /home/benmang1/public_html/drupal-project/web/modules/contrib/civicrm/src/Controller/CivicrmController.php(83): Drupal\civicrm\Civicrm->invoke((Array:4))
#22 [internal function](): Drupal\civicrm\Controller\CivicrmController->main((Array:4), "")
#23 /home/benmang1/public_html/drupal-project/web/core/lib/Drupal/Core/EventSubscriber/EarlyRenderingControllerWrapperSubscriber.php(123): call_user_func_array((Array:2), (Array:2))
#24 /home/benmang1/public_html/drupal-project/web/core/lib/Drupal/Core/Render/Renderer.php(637): Drupal\Core\EventSubscriber\EarlyRenderingControllerWrapperSubscriber->Drupal\Core\EventSubscriber\{closure}()
#25 /home/benmang1/public_html/drupal-project/web/core/lib/Drupal/Core/EventSubscriber/EarlyRenderingControllerWrapperSubscriber.php(121): Drupal\Core\Render\Renderer->executeInRenderContext(Object(Drupal\Core\Render\RenderContext), Object(Closure))
#26 /home/benmang1/public_html/drupal-project/web/core/lib/Drupal/Core/EventSubscriber/EarlyRenderingControllerWrapperSubscriber.php(97): Drupal\Core\EventSubscriber\EarlyRenderingControllerWrapperSubscriber->wrapControllerExecutionInRenderContext((Array:2), (Array:2))
#27 /home/benmang1/public_html/drupal-project/vendor/symfony/http-kernel/HttpKernel.php(181): Drupal\Core\EventSubscriber\EarlyRenderingControllerWrapperSubscriber->Drupal\Core\EventSubscriber\{closure}()
#28 /home/benmang1/public_html/drupal-project/vendor/symfony/http-kernel/HttpKernel.php(76): Symfony\Component\HttpKernel\HttpKernel->handleRaw(Object(Symfony\Component\HttpFoundation\Request), 1)
#29 /home/benmang1/public_html/drupal-project/web/core/lib/Drupal/Core/StackMiddleware/Session.php(53): Symfony\Component\HttpKernel\HttpKernel->handle(Object(Symfony\Component\HttpFoundation\Request), 1, TRUE)
#30 /home/benmang1/public_html/drupal-project/web/core/lib/Drupal/Core/StackMiddleware/KernelPreHandle.php(48): Drupal\Core\StackMiddleware\Session->handle(Object(Symfony\Component\HttpFoundation\Request), 1, TRUE)
#31 /home/benmang1/public_html/drupal-project/web/core/lib/Drupal/Core/StackMiddleware/ContentLength.php(28): Drupal\Core\StackMiddleware\KernelPreHandle->handle(Object(Symfony\Component\HttpFoundation\Request), 1, TRUE)
#32 /home/benmang1/public_html/drupal-project/web/core/modules/page_cache/src/StackMiddleware/PageCache.php(116): Drupal\Core\StackMiddleware\ContentLength->handle(Object(Symfony\Component\HttpFoundation\Request), 1, TRUE)
#33 /home/benmang1/public_html/drupal-project/web/core/modules/page_cache/src/StackMiddleware/PageCache.php(90): Drupal\page_cache\StackMiddleware\PageCache->pass(Object(Symfony\Component\HttpFoundation\Request), 1, TRUE)
#34 /home/benmang1/public_html/drupal-project/web/core/lib/Drupal/Core/StackMiddleware/ReverseProxyMiddleware.php(48): Drupal\page_cache\StackMiddleware\PageCache->handle(Object(Symfony\Component\HttpFoundation\Request), 1, TRUE)
#35 /home/benmang1/public_html/drupal-project/web/core/lib/Drupal/Core/StackMiddleware/NegotiationMiddleware.php(51): Drupal\Core\StackMiddleware\ReverseProxyMiddleware->handle(Object(Symfony\Component\HttpFoundation\Request), 1, TRUE)
#36 /home/benmang1/public_html/drupal-project/web/core/lib/Drupal/Core/StackMiddleware/AjaxPageState.php(36): Drupal\Core\StackMiddleware\NegotiationMiddleware->handle(Object(Symfony\Component\HttpFoundation\Request), 1, TRUE)
#37 /home/benmang1/public_html/drupal-project/web/core/lib/Drupal/Core/StackMiddleware/StackedHttpKernel.php(51): Drupal\Core\StackMiddleware\AjaxPageState->handle(Object(Symfony\Component\HttpFoundation\Request), 1, TRUE)
#38 /home/benmang1/public_html/drupal-project/web/core/lib/Drupal/Core/DrupalKernel.php(741): Drupal\Core\StackMiddleware\StackedHttpKernel->handle(Object(Symfony\Component\HttpFoundation\Request), 1, TRUE)
#39 /home/benmang1/public_html/drupal-project/web/index.php(19): Drupal\Core\DrupalKernel->handle(Object(Symfony\Component\HttpFoundation\Request))
#40 {main}


2026-07-08 13:19:21+0100  [error] Connection refused

2026-07-08 13:19:21+0100  [debug] not connected 

#0 /home/benmang1/public_html/drupal-project/vendor/pear/pear-core-minimal/src/PEAR.php(587): PEAR_Error->__construct("not connected", NULL, 16, (Array:2), NULL)
#1 /home/benmang1/public_html/drupal-project/vendor/pear/pear-core-minimal/src/PEAR.php(229): PEAR::_raiseError(Object(Net_Socket), "not connected")
#2 /home/benmang1/public_html/drupal-project/vendor/pear/net_socket/Net/Socket.php(410): PEAR->__call("raiseError", (Array:1))
#3 /home/benmang1/public_html/drupal-project/vendor/pear/net_smtp/Net/SMTP.php(300): Net_Socket->write("QUIT\r\n")
#4 /home/benmang1/public_html/drupal-project/vendor/pear/net_smtp/Net/SMTP.php(335): Net_SMTP->send("QUIT\r\n")
#5 /home/benmang1/public_html/drupal-project/vendor/pear/net_smtp/Net/SMTP.php(523): Net_SMTP->put("QUIT")
#6 /home/benmang1/public_html/drupal-project/vendor/pear/mail/Mail/smtp.php(509): Net_SMTP->disconnect()
#7 /home/benmang1/public_html/drupal-project/vendor/pear/mail/Mail/smtp.php(291): Mail_smtp->disconnect()
#8 /home/benmang1/public_html/drupal-project/vendor/civicrm/civicrm-core/CRM/Utils/Mail/FilteredPearMailer.php(61): Mail_smtp->__destruct()
#9 /home/benmang1/public_html/drupal-project/vendor/civicrm/civicrm-core/CRM/Admin/Form/Setting/Smtp.php(110): CRM_Utils_Mail_FilteredPearMailer->__destruct()
#10 /home/benmang1/public_html/drupal-project/vendor/civicrm/civicrm-core/CRM/Core/Form.php(646): CRM_Admin_Form_Setting_Smtp->postProcess()
#11 /home/benmang1/public_html/drupal-project/vendor/civicrm/civicrm-core/CRM/Core/QuickForm/Action/Refresh.php(57): CRM_Core_Form->mainProcess()
#12 /home/benmang1/public_html/drupal-project/vendor/civicrm/civicrm-packages/HTML/QuickForm/Controller.php(203): CRM_Core_QuickForm_Action_Refresh->perform(Object(CRM_Admin_Form_Setting_Smtp), "refresh")
#13 /home/benmang1/public_html/drupal-project/vendor/civicrm/civicrm-packages/HTML/QuickForm/Page.php(103): HTML_QuickForm_Controller->handle(Object(CRM_Admin_Form_Setting_Smtp), "refresh")
#14 /home/benmang1/public_html/drupal-project/vendor/civicrm/civicrm-core/CRM/Core/Controller.php(350): HTML_QuickForm_Page->handle("refresh")
#15 /home/benmang1/public_html/drupal-project/vendor/civicrm/civicrm-core/CRM/Utils/Wrapper.php(98): CRM_Core_Controller->run()
#16 /home/benmang1/public_html/drupal-project/vendor/civicrm/civicrm-core/CRM/Core/Invoke.php(246): CRM_Utils_Wrapper->run("CRM_Admin_Form_Setting_Smtp", "Outbound Email Settings", (Array:0))
#17 /home/benmang1/public_html/drupal-project/vendor/civicrm/civicrm-core/CRM/Core/Invoke.php(82): CRM_Core_Invoke::runItem((Array:18))
#18 /home/benmang1/public_html/drupal-project/vendor/civicrm/civicrm-core/CRM/Core/Invoke.php(40): CRM_Core_Invoke::_invoke((Array:4))
#19 /home/benmang1/public_html/drupal-project/web/modules/contrib/civicrm/src/Civicrm.php(87): CRM_Core_Invoke::invoke((Array:4))
#20 /home/benmang1/public_html/drupal-project/web/modules/contrib/civicrm/src/Controller/CivicrmController.php(83): Drupal\civicrm\Civicrm->invoke((Array:4))
#21 [internal function](): Drupal\civicrm\Controller\CivicrmController->main((Array:4), "")
#22 /home/benmang1/public_html/drupal-project/web/core/lib/Drupal/Core/EventSubscriber/EarlyRenderingControllerWrapperSubscriber.php(123): call_user_func_array((Array:2), (Array:2))
#23 /home/benmang1/public_html/drupal-project/web/core/lib/Drupal/Core/Render/Renderer.php(637): Drupal\Core\EventSubscriber\EarlyRenderingControllerWrapperSubscriber->Drupal\Core\EventSubscriber\{closure}()
#24 /home/benmang1/public_html/drupal-project/web/core/lib/Drupal/Core/EventSubscriber/EarlyRenderingControllerWrapperSubscriber.php(121): Drupal\Core\Render\Renderer->executeInRenderContext(Object(Drupal\Core\Render\RenderContext), Object(Closure))
#25 /home/benmang1/public_html/drupal-project/web/core/lib/Drupal/Core/EventSubscriber/EarlyRenderingControllerWrapperSubscriber.php(97): Drupal\Core\EventSubscriber\EarlyRenderingControllerWrapperSubscriber->wrapControllerExecutionInRenderContext((Array:2), (Array:2))
#26 /home/benmang1/public_html/drupal-project/vendor/symfony/http-kernel/HttpKernel.php(181): Drupal\Core\EventSubscriber\EarlyRenderingControllerWrapperSubscriber->Drupal\Core\EventSubscriber\{closure}()
#27 /home/benmang1/public_html/drupal-project/vendor/symfony/http-kernel/HttpKernel.php(76): Symfony\Component\HttpKernel\HttpKernel->handleRaw(Object(Symfony\Component\HttpFoundation\Request), 1)
#28 /home/benmang1/public_html/drupal-project/web/core/lib/Drupal/Core/StackMiddleware/Session.php(53): Symfony\Component\HttpKernel\HttpKernel->handle(Object(Symfony\Component\HttpFoundation\Request), 1, TRUE)
#29 /home/benmang1/public_html/drupal-project/web/core/lib/Drupal/Core/StackMiddleware/KernelPreHandle.php(48): Drupal\Core\StackMiddleware\Session->handle(Object(Symfony\Component\HttpFoundation\Request), 1, TRUE)
#30 /home/benmang1/public_html/drupal-project/web/core/lib/Drupal/Core/StackMiddleware/ContentLength.php(28): Drupal\Core\StackMiddleware\KernelPreHandle->handle(Object(Symfony\Component\HttpFoundation\Request), 1, TRUE)
#31 /home/benmang1/public_html/drupal-project/web/core/modules/page_cache/src/StackMiddleware/PageCache.php(116): Drupal\Core\StackMiddleware\ContentLength->handle(Object(Symfony\Component\HttpFoundation\Request), 1, TRUE)
#32 /home/benmang1/public_html/drupal-project/web/core/modules/page_cache/src/StackMiddleware/PageCache.php(90): Drupal\page_cache\StackMiddleware\PageCache->pass(Object(Symfony\Component\HttpFoundation\Request), 1, TRUE)
#33 /home/benmang1/public_html/drupal-project/web/core/lib/Drupal/Core/StackMiddleware/ReverseProxyMiddleware.php(48): Drupal\page_cache\StackMiddleware\PageCache->handle(Object(Symfony\Component\HttpFoundation\Request), 1, TRUE)
#34 /home/benmang1/public_html/drupal-project/web/core/lib/Drupal/Core/StackMiddleware/NegotiationMiddleware.php(51): Drupal\Core\StackMiddleware\ReverseProxyMiddleware->handle(Object(Symfony\Component\HttpFoundation\Request), 1, TRUE)
#35 /home/benmang1/public_html/drupal-project/web/core/lib/Drupal/Core/StackMiddleware/AjaxPageState.php(36): Drupal\Core\StackMiddleware\NegotiationMiddleware->handle(Object(Symfony\Component\HttpFoundation\Request), 1, TRUE)
#36 /home/benmang1/public_html/drupal-project/web/core/lib/Drupal/Core/StackMiddleware/StackedHttpKernel.php(51): Drupal\Core\StackMiddleware\AjaxPageState->handle(Object(Symfony\Component\HttpFoundation\Request), 1, TRUE)
#37 /home/benmang1/public_html/drupal-project/web/core/lib/Drupal/Core/DrupalKernel.php(741): Drupal\Core\StackMiddleware\StackedHttpKernel->handle(Object(Symfony\Component\HttpFoundation\Request), 1, TRUE)
#38 /home/benmang1/public_html/drupal-project/web/index.php(19): Drupal\Core\DrupalKernel->handle(Object(Symfony\Component\HttpFoundation\Request))
#39 {main}


2026-07-08 13:19:21+0100  [error] not connected

2026-07-08 13:19:40+0100  [debug] Connection refused 

#0 /home/benmang1/public_html/drupal-project/vendor/pear/pear-core-minimal/src/PEAR.php(587): PEAR_Error->__construct("Connection refused", 111, 16, (Array:2), NULL)
#1 /home/benmang1/public_html/drupal-project/vendor/pear/pear-core-minimal/src/PEAR.php(229): PEAR::_raiseError(Object(Net_Socket), "Connection refused", 111)
#2 /home/benmang1/public_html/drupal-project/vendor/pear/net_socket/Net/Socket.php(194): PEAR->__call("raiseError", (Array:2))
#3 /home/benmang1/public_html/drupal-project/vendor/pear/net_smtp/Net/SMTP.php(474): Net_Socket->connect("email01.uk-noc.com", "465", FALSE, 30, (Array:0))
#4 /home/benmang1/public_html/drupal-project/vendor/pear/mail/Mail/smtp.php(449): Net_SMTP->connect(30)
#5 /home/benmang1/public_html/drupal-project/vendor/pear/mail/Mail/smtp.php(332): Mail_smtp->getSMTPObject()
#6 /home/benmang1/public_html/drupal-project/vendor/pear/mail/Mail/smtp.php(319): Mail_smtp->send_or_fail("info@benmango.co.uk", (Array:9), "SMTP settings are correct.")
#7 /home/benmang1/public_html/drupal-project/vendor/civicrm/civicrm-core/CRM/Utils/Mail/FilteredPearMailer.php(77): Mail_smtp->send("info@benmango.co.uk", (Array:9), "SMTP settings are correct.")
#8 /home/benmang1/public_html/drupal-project/vendor/civicrm/civicrm-core/CRM/Utils/Mail.php(297): CRM_Utils_Mail_FilteredPearMailer->send("info@benmango.co.uk", (Array:9), "SMTP settings are correct.", (Array:4))
#9 /home/benmang1/public_html/drupal-project/vendor/civicrm/civicrm-core/CRM/Admin/Form/Setting/Smtp.php(303): CRM_Utils_Mail::sendTest(Object(CRM_Utils_Mail_FilteredPearMailer), (Array:5))
#10 /home/benmang1/public_html/drupal-project/vendor/civicrm/civicrm-core/CRM/Admin/Form/Setting/Smtp.php(110): CRM_Admin_Form_Setting_Smtp->sendTest((Array:14))
#11 /home/benmang1/public_html/drupal-project/vendor/civicrm/civicrm-core/CRM/Core/Form.php(646): CRM_Admin_Form_Setting_Smtp->postProcess()
#12 /home/benmang1/public_html/drupal-project/vendor/civicrm/civicrm-core/CRM/Core/QuickForm/Action/Refresh.php(57): CRM_Core_Form->mainProcess()
#13 /home/benmang1/public_html/drupal-project/vendor/civicrm/civicrm-packages/HTML/QuickForm/Controller.php(203): CRM_Core_QuickForm_Action_Refresh->perform(Object(CRM_Admin_Form_Setting_Smtp), "refresh")
#14 /home/benmang1/public_html/drupal-project/vendor/civicrm/civicrm-packages/HTML/QuickForm/Page.php(103): HTML_QuickForm_Controller->handle(Object(CRM_Admin_Form_Setting_Smtp), "refresh")
#15 /home/benmang1/public_html/drupal-project/vendor/civicrm/civicrm-core/CRM/Core/Controller.php(350): HTML_QuickForm_Page->handle("refresh")
#16 /home/benmang1/public_html/drupal-project/vendor/civicrm/civicrm-core/CRM/Utils/Wrapper.php(98): CRM_Core_Controller->run()
#17 /home/benmang1/public_html/drupal-project/vendor/civicrm/civicrm-core/CRM/Core/Invoke.php(246): CRM_Utils_Wrapper->run("CRM_Admin_Form_Setting_Smtp", "Outbound Email Settings", (Array:0))
#18 /home/benmang1/public_html/drupal-project/vendor/civicrm/civicrm-core/CRM/Core/Invoke.php(82): CRM_Core_Invoke::runItem((Array:18))
#19 /home/benmang1/public_html/drupal-project/vendor/civicrm/civicrm-core/CRM/Core/Invoke.php(40): CRM_Core_Invoke::_invoke((Array:4))
#20 /home/benmang1/public_html/drupal-project/web/modules/contrib/civicrm/src/Civicrm.php(87): CRM_Core_Invoke::invoke((Array:4))
#21 /home/benmang1/public_html/drupal-project/web/modules/contrib/civicrm/src/Controller/CivicrmController.php(83): Drupal\civicrm\Civicrm->invoke((Array:4))
#22 [internal function](): Drupal\civicrm\Controller\CivicrmController->main((Array:4), "")
#23 /home/benmang1/public_html/drupal-project/web/core/lib/Drupal/Core/EventSubscriber/EarlyRenderingControllerWrapperSubscriber.php(123): call_user_func_array((Array:2), (Array:2))
#24 /home/benmang1/public_html/drupal-project/web/core/lib/Drupal/Core/Render/Renderer.php(637): Drupal\Core\EventSubscriber\EarlyRenderingControllerWrapperSubscriber->Drupal\Core\EventSubscriber\{closure}()
#25 /home/benmang1/public_html/drupal-project/web/core/lib/Drupal/Core/EventSubscriber/EarlyRenderingControllerWrapperSubscriber.php(121): Drupal\Core\Render\Renderer->executeInRenderContext(Object(Drupal\Core\Render\RenderContext), Object(Closure))
#26 /home/benmang1/public_html/drupal-project/web/core/lib/Drupal/Core/EventSubscriber/EarlyRenderingControllerWrapperSubscriber.php(97): Drupal\Core\EventSubscriber\EarlyRenderingControllerWrapperSubscriber->wrapControllerExecutionInRenderContext((Array:2), (Array:2))
#27 /home/benmang1/public_html/drupal-project/vendor/symfony/http-kernel/HttpKernel.php(181): Drupal\Core\EventSubscriber\EarlyRenderingControllerWrapperSubscriber->Drupal\Core\EventSubscriber\{closure}()
#28 /home/benmang1/public_html/drupal-project/vendor/symfony/http-kernel/HttpKernel.php(76): Symfony\Component\HttpKernel\HttpKernel->handleRaw(Object(Symfony\Component\HttpFoundation\Request), 1)
#29 /home/benmang1/public_html/drupal-project/web/core/lib/Drupal/Core/StackMiddleware/Session.php(53): Symfony\Component\HttpKernel\HttpKernel->handle(Object(Symfony\Component\HttpFoundation\Request), 1, TRUE)
#30 /home/benmang1/public_html/drupal-project/web/core/lib/Drupal/Core/StackMiddleware/KernelPreHandle.php(48): Drupal\Core\StackMiddleware\Session->handle(Object(Symfony\Component\HttpFoundation\Request), 1, TRUE)
#31 /home/benmang1/public_html/drupal-project/web/core/lib/Drupal/Core/StackMiddleware/ContentLength.php(28): Drupal\Core\StackMiddleware\KernelPreHandle->handle(Object(Symfony\Component\HttpFoundation\Request), 1, TRUE)
#32 /home/benmang1/public_html/drupal-project/web/core/modules/page_cache/src/StackMiddleware/PageCache.php(116): Drupal\Core\StackMiddleware\ContentLength->handle(Object(Symfony\Component\HttpFoundation\Request), 1, TRUE)
#33 /home/benmang1/public_html/drupal-project/web/core/modules/page_cache/src/StackMiddleware/PageCache.php(90): Drupal\page_cache\StackMiddleware\PageCache->pass(Object(Symfony\Component\HttpFoundation\Request), 1, TRUE)
#34 /home/benmang1/public_html/drupal-project/web/core/lib/Drupal/Core/StackMiddleware/ReverseProxyMiddleware.php(48): Drupal\page_cache\StackMiddleware\PageCache->handle(Object(Symfony\Component\HttpFoundation\Request), 1, TRUE)
#35 /home/benmang1/public_html/drupal-project/web/core/lib/Drupal/Core/StackMiddleware/NegotiationMiddleware.php(51): Drupal\Core\StackMiddleware\ReverseProxyMiddleware->handle(Object(Symfony\Component\HttpFoundation\Request), 1, TRUE)
#36 /home/benmang1/public_html/drupal-project/web/core/lib/Drupal/Core/StackMiddleware/AjaxPageState.php(36): Drupal\Core\StackMiddleware\NegotiationMiddleware->handle(Object(Symfony\Component\HttpFoundation\Request), 1, TRUE)
#37 /home/benmang1/public_html/drupal-project/web/core/lib/Drupal/Core/StackMiddleware/StackedHttpKernel.php(51): Drupal\Core\StackMiddleware\AjaxPageState->handle(Object(Symfony\Component\HttpFoundation\Request), 1, TRUE)
#38 /home/benmang1/public_html/drupal-project/web/core/lib/Drupal/Core/DrupalKernel.php(741): Drupal\Core\StackMiddleware\StackedHttpKernel->handle(Object(Symfony\Component\HttpFoundation\Request), 1, TRUE)
#39 /home/benmang1/public_html/drupal-project/web/index.php(19): Drupal\Core\DrupalKernel->handle(Object(Symfony\Component\HttpFoundation\Request))
#40 {main}


2026-07-08 13:19:40+0100  [error] Connection refused

2026-07-08 13:19:40+0100  [debug] not connected 

#0 /home/benmang1/public_html/drupal-project/vendor/pear/pear-core-minimal/src/PEAR.php(587): PEAR_Error->__construct("not connected", NULL, 16, (Array:2), NULL)
#1 /home/benmang1/public_html/drupal-project/vendor/pear/pear-core-minimal/src/PEAR.php(229): PEAR::_raiseError(Object(Net_Socket), "not connected")
#2 /home/benmang1/public_html/drupal-project/vendor/pear/net_socket/Net/Socket.php(410): PEAR->__call("raiseError", (Array:1))
#3 /home/benmang1/public_html/drupal-project/vendor/pear/net_smtp/Net/SMTP.php(300): Net_Socket->write("QUIT\r\n")
#4 /home/benmang1/public_html/drupal-project/vendor/pear/net_smtp/Net/SMTP.php(335): Net_SMTP->send("QUIT\r\n")
#5 /home/benmang1/public_html/drupal-project/vendor/pear/net_smtp/Net/SMTP.php(523): Net_SMTP->put("QUIT")
#6 /home/benmang1/public_html/drupal-project/vendor/pear/mail/Mail/smtp.php(509): Net_SMTP->disconnect()
#7 /home/benmang1/public_html/drupal-project/vendor/pear/mail/Mail/smtp.php(291): Mail_smtp->disconnect()
#8 /home/benmang1/public_html/drupal-project/vendor/civicrm/civicrm-core/CRM/Utils/Mail/FilteredPearMailer.php(61): Mail_smtp->__destruct()
#9 /home/benmang1/public_html/drupal-project/vendor/civicrm/civicrm-core/CRM/Admin/Form/Setting/Smtp.php(110): CRM_Utils_Mail_FilteredPearMailer->__destruct()
#10 /home/benmang1/public_html/drupal-project/vendor/civicrm/civicrm-core/CRM/Core/Form.php(646): CRM_Admin_Form_Setting_Smtp->postProcess()
#11 /home/benmang1/public_html/drupal-project/vendor/civicrm/civicrm-core/CRM/Core/QuickForm/Action/Refresh.php(57): CRM_Core_Form->mainProcess()
#12 /home/benmang1/public_html/drupal-project/vendor/civicrm/civicrm-packages/HTML/QuickForm/Controller.php(203): CRM_Core_QuickForm_Action_Refresh->perform(Object(CRM_Admin_Form_Setting_Smtp), "refresh")
#13 /home/benmang1/public_html/drupal-project/vendor/civicrm/civicrm-packages/HTML/QuickForm/Page.php(103): HTML_QuickForm_Controller->handle(Object(CRM_Admin_Form_Setting_Smtp), "refresh")
#14 /home/benmang1/public_html/drupal-project/vendor/civicrm/civicrm-core/CRM/Core/Controller.php(350): HTML_QuickForm_Page->handle("refresh")
#15 /home/benmang1/public_html/drupal-project/vendor/civicrm/civicrm-core/CRM/Utils/Wrapper.php(98): CRM_Core_Controller->run()
#16 /home/benmang1/public_html/drupal-project/vendor/civicrm/civicrm-core/CRM/Core/Invoke.php(246): CRM_Utils_Wrapper->run("CRM_Admin_Form_Setting_Smtp", "Outbound Email Settings", (Array:0))
#17 /home/benmang1/public_html/drupal-project/vendor/civicrm/civicrm-core/CRM/Core/Invoke.php(82): CRM_Core_Invoke::runItem((Array:18))
#18 /home/benmang1/public_html/drupal-project/vendor/civicrm/civicrm-core/CRM/Core/Invoke.php(40): CRM_Core_Invoke::_invoke((Array:4))
#19 /home/benmang1/public_html/drupal-project/web/modules/contrib/civicrm/src/Civicrm.php(87): CRM_Core_Invoke::invoke((Array:4))
#20 /home/benmang1/public_html/drupal-project/web/modules/contrib/civicrm/src/Controller/CivicrmController.php(83): Drupal\civicrm\Civicrm->invoke((Array:4))
#21 [internal function](): Drupal\civicrm\Controller\CivicrmController->main((Array:4), "")
#22 /home/benmang1/public_html/drupal-project/web/core/lib/Drupal/Core/EventSubscriber/EarlyRenderingControllerWrapperSubscriber.php(123): call_user_func_array((Array:2), (Array:2))
#23 /home/benmang1/public_html/drupal-project/web/core/lib/Drupal/Core/Render/Renderer.php(637): Drupal\Core\EventSubscriber\EarlyRenderingControllerWrapperSubscriber->Drupal\Core\EventSubscriber\{closure}()
#24 /home/benmang1/public_html/drupal-project/web/core/lib/Drupal/Core/EventSubscriber/EarlyRenderingControllerWrapperSubscriber.php(121): Drupal\Core\Render\Renderer->executeInRenderContext(Object(Drupal\Core\Render\RenderContext), Object(Closure))
#25 /home/benmang1/public_html/drupal-project/web/core/lib/Drupal/Core/EventSubscriber/EarlyRenderingControllerWrapperSubscriber.php(97): Drupal\Core\EventSubscriber\EarlyRenderingControllerWrapperSubscriber->wrapControllerExecutionInRenderContext((Array:2), (Array:2))
#26 /home/benmang1/public_html/drupal-project/vendor/symfony/http-kernel/HttpKernel.php(181): Drupal\Core\EventSubscriber\EarlyRenderingControllerWrapperSubscriber->Drupal\Core\EventSubscriber\{closure}()
#27 /home/benmang1/public_html/drupal-project/vendor/symfony/http-kernel/HttpKernel.php(76): Symfony\Component\HttpKernel\HttpKernel->handleRaw(Object(Symfony\Component\HttpFoundation\Request), 1)
#28 /home/benmang1/public_html/drupal-project/web/core/lib/Drupal/Core/StackMiddleware/Session.php(53): Symfony\Component\HttpKernel\HttpKernel->handle(Object(Symfony\Component\HttpFoundation\Request), 1, TRUE)
#29 /home/benmang1/public_html/drupal-project/web/core/lib/Drupal/Core/StackMiddleware/KernelPreHandle.php(48): Drupal\Core\StackMiddleware\Session->handle(Object(Symfony\Component\HttpFoundation\Request), 1, TRUE)
#30 /home/benmang1/public_html/drupal-project/web/core/lib/Drupal/Core/StackMiddleware/ContentLength.php(28): Drupal\Core\StackMiddleware\KernelPreHandle->handle(Object(Symfony\Component\HttpFoundation\Request), 1, TRUE)
#31 /home/benmang1/public_html/drupal-project/web/core/modules/page_cache/src/StackMiddleware/PageCache.php(116): Drupal\Core\StackMiddleware\ContentLength->handle(Object(Symfony\Component\HttpFoundation\Request), 1, TRUE)
#32 /home/benmang1/public_html/drupal-project/web/core/modules/page_cache/src/StackMiddleware/PageCache.php(90): Drupal\page_cache\StackMiddleware\PageCache->pass(Object(Symfony\Component\HttpFoundation\Request), 1, TRUE)
#33 /home/benmang1/public_html/drupal-project/web/core/lib/Drupal/Core/StackMiddleware/ReverseProxyMiddleware.php(48): Drupal\page_cache\StackMiddleware\PageCache->handle(Object(Symfony\Component\HttpFoundation\Request), 1, TRUE)
#34 /home/benmang1/public_html/drupal-project/web/core/lib/Drupal/Core/StackMiddleware/NegotiationMiddleware.php(51): Drupal\Core\StackMiddleware\ReverseProxyMiddleware->handle(Object(Symfony\Component\HttpFoundation\Request), 1, TRUE)
#35 /home/benmang1/public_html/drupal-project/web/core/lib/Drupal/Core/StackMiddleware/AjaxPageState.php(36): Drupal\Core\StackMiddleware\NegotiationMiddleware->handle(Object(Symfony\Component\HttpFoundation\Request), 1, TRUE)
#36 /home/benmang1/public_html/drupal-project/web/core/lib/Drupal/Core/StackMiddleware/StackedHttpKernel.php(51): Drupal\Core\StackMiddleware\AjaxPageState->handle(Object(Symfony\Component\HttpFoundation\Request), 1, TRUE)
#37 /home/benmang1/public_html/drupal-project/web/core/lib/Drupal/Core/DrupalKernel.php(741): Drupal\Core\StackMiddleware\StackedHttpKernel->handle(Object(Symfony\Component\HttpFoundation\Request), 1, TRUE)
#38 /home/benmang1/public_html/drupal-project/web/index.php(19): Drupal\Core\DrupalKernel->handle(Object(Symfony\Component\HttpFoundation\Request))
#39 {main}


2026-07-08 13:19:40+0100  [error] not connected

2026-07-08 13:22:24+0100  [debug] Connection refused 

#0 /home/benmang1/public_html/drupal-project/vendor/pear/pear-core-minimal/src/PEAR.php(587): PEAR_Error->__construct("Connection refused", 111, 16, (Array:2), NULL)
#1 /home/benmang1/public_html/drupal-project/vendor/pear/pear-core-minimal/src/PEAR.php(229): PEAR::_raiseError(Object(Net_Socket), "Connection refused", 111)
#2 /home/benmang1/public_html/drupal-project/vendor/pear/net_socket/Net/Socket.php(194): PEAR->__call("raiseError", (Array:2))
#3 /home/benmang1/public_html/drupal-project/vendor/pear/net_smtp/Net/SMTP.php(474): Net_Socket->connect("ssl://email01.uk-noc.com", "465", FALSE, 30, (Array:0))
#4 /home/benmang1/public_html/drupal-project/vendor/pear/mail/Mail/smtp.php(449): Net_SMTP->connect(30)
#5 /home/benmang1/public_html/drupal-project/vendor/pear/mail/Mail/smtp.php(332): Mail_smtp->getSMTPObject()
#6 /home/benmang1/public_html/drupal-project/vendor/pear/mail/Mail/smtp.php(319): Mail_smtp->send_or_fail("info@benmango.co.uk", (Array:9), "SMTP settings are correct.")
#7 /home/benmang1/public_html/drupal-project/vendor/civicrm/civicrm-core/CRM/Utils/Mail/FilteredPearMailer.php(77): Mail_smtp->send("info@benmango.co.uk", (Array:9), "SMTP settings are correct.")
#8 /home/benmang1/public_html/drupal-project/vendor/civicrm/civicrm-core/CRM/Utils/Mail.php(297): CRM_Utils_Mail_FilteredPearMailer->send("info@benmango.co.uk", (Array:9), "SMTP settings are correct.", (Array:4))
#9 /home/benmang1/public_html/drupal-project/vendor/civicrm/civicrm-core/CRM/Admin/Form/Setting/Smtp.php(303): CRM_Utils_Mail::sendTest(Object(CRM_Utils_Mail_FilteredPearMailer), (Array:5))
#10 /home/benmang1/public_html/drupal-project/vendor/civicrm/civicrm-core/CRM/Admin/Form/Setting/Smtp.php(110): CRM_Admin_Form_Setting_Smtp->sendTest((Array:14))
#11 /home/benmang1/public_html/drupal-project/vendor/civicrm/civicrm-core/CRM/Core/Form.php(646): CRM_Admin_Form_Setting_Smtp->postProcess()
#12 /home/benmang1/public_html/drupal-project/vendor/civicrm/civicrm-core/CRM/Core/QuickForm/Action/Refresh.php(57): CRM_Core_Form->mainProcess()
#13 /home/benmang1/public_html/drupal-project/vendor/civicrm/civicrm-packages/HTML/QuickForm/Controller.php(203): CRM_Core_QuickForm_Action_Refresh->perform(Object(CRM_Admin_Form_Setting_Smtp), "refresh")
#14 /home/benmang1/public_html/drupal-project/vendor/civicrm/civicrm-packages/HTML/QuickForm/Page.php(103): HTML_QuickForm_Controller->handle(Object(CRM_Admin_Form_Setting_Smtp), "refresh")
#15 /home/benmang1/public_html/drupal-project/vendor/civicrm/civicrm-core/CRM/Core/Controller.php(350): HTML_QuickForm_Page->handle("refresh")
#16 /home/benmang1/public_html/drupal-project/vendor/civicrm/civicrm-core/CRM/Utils/Wrapper.php(98): CRM_Core_Controller->run()
#17 /home/benmang1/public_html/drupal-project/vendor/civicrm/civicrm-core/CRM/Core/Invoke.php(246): CRM_Utils_Wrapper->run("CRM_Admin_Form_Setting_Smtp", "Outbound Email Settings", (Array:0))
#18 /home/benmang1/public_html/drupal-project/vendor/civicrm/civicrm-core/CRM/Core/Invoke.php(82): CRM_Core_Invoke::runItem((Array:18))
#19 /home/benmang1/public_html/drupal-project/vendor/civicrm/civicrm-core/CRM/Core/Invoke.php(40): CRM_Core_Invoke::_invoke((Array:4))
#20 /home/benmang1/public_html/drupal-project/web/modules/contrib/civicrm/src/Civicrm.php(87): CRM_Core_Invoke::invoke((Array:4))
#21 /home/benmang1/public_html/drupal-project/web/modules/contrib/civicrm/src/Controller/CivicrmController.php(83): Drupal\civicrm\Civicrm->invoke((Array:4))
#22 [internal function](): Drupal\civicrm\Controller\CivicrmController->main((Array:4), "")
#23 /home/benmang1/public_html/drupal-project/web/core/lib/Drupal/Core/EventSubscriber/EarlyRenderingControllerWrapperSubscriber.php(123): call_user_func_array((Array:2), (Array:2))
#24 /home/benmang1/public_html/drupal-project/web/core/lib/Drupal/Core/Render/Renderer.php(637): Drupal\Core\EventSubscriber\EarlyRenderingControllerWrapperSubscriber->Drupal\Core\EventSubscriber\{closure}()
#25 /home/benmang1/public_html/drupal-project/web/core/lib/Drupal/Core/EventSubscriber/EarlyRenderingControllerWrapperSubscriber.php(121): Drupal\Core\Render\Renderer->executeInRenderContext(Object(Drupal\Core\Render\RenderContext), Object(Closure))
#26 /home/benmang1/public_html/drupal-project/web/core/lib/Drupal/Core/EventSubscriber/EarlyRenderingControllerWrapperSubscriber.php(97): Drupal\Core\EventSubscriber\EarlyRenderingControllerWrapperSubscriber->wrapControllerExecutionInRenderContext((Array:2), (Array:2))
#27 /home/benmang1/public_html/drupal-project/vendor/symfony/http-kernel/HttpKernel.php(181): Drupal\Core\EventSubscriber\EarlyRenderingControllerWrapperSubscriber->Drupal\Core\EventSubscriber\{closure}()
#28 /home/benmang1/public_html/drupal-project/vendor/symfony/http-kernel/HttpKernel.php(76): Symfony\Component\HttpKernel\HttpKernel->handleRaw(Object(Symfony\Component\HttpFoundation\Request), 1)
#29 /home/benmang1/public_html/drupal-project/web/core/lib/Drupal/Core/StackMiddleware/Session.php(53): Symfony\Component\HttpKernel\HttpKernel->handle(Object(Symfony\Component\HttpFoundation\Request), 1, TRUE)
#30 /home/benmang1/public_html/drupal-project/web/core/lib/Drupal/Core/StackMiddleware/KernelPreHandle.php(48): Drupal\Core\StackMiddleware\Session->handle(Object(Symfony\Component\HttpFoundation\Request), 1, TRUE)
#31 /home/benmang1/public_html/drupal-project/web/core/lib/Drupal/Core/StackMiddleware/ContentLength.php(28): Drupal\Core\StackMiddleware\KernelPreHandle->handle(Object(Symfony\Component\HttpFoundation\Request), 1, TRUE)
#32 /home/benmang1/public_html/drupal-project/web/core/modules/page_cache/src/StackMiddleware/PageCache.php(116): Drupal\Core\StackMiddleware\ContentLength->handle(Object(Symfony\Component\HttpFoundation\Request), 1, TRUE)
#33 /home/benmang1/public_html/drupal-project/web/core/modules/page_cache/src/StackMiddleware/PageCache.php(90): Drupal\page_cache\StackMiddleware\PageCache->pass(Object(Symfony\Component\HttpFoundation\Request), 1, TRUE)
#34 /home/benmang1/public_html/drupal-project/web/core/lib/Drupal/Core/StackMiddleware/ReverseProxyMiddleware.php(48): Drupal\page_cache\StackMiddleware\PageCache->handle(Object(Symfony\Component\HttpFoundation\Request), 1, TRUE)
#35 /home/benmang1/public_html/drupal-project/web/core/lib/Drupal/Core/StackMiddleware/NegotiationMiddleware.php(51): Drupal\Core\StackMiddleware\ReverseProxyMiddleware->handle(Object(Symfony\Component\HttpFoundation\Request), 1, TRUE)
#36 /home/benmang1/public_html/drupal-project/web/core/lib/Drupal/Core/StackMiddleware/AjaxPageState.php(36): Drupal\Core\StackMiddleware\NegotiationMiddleware->handle(Object(Symfony\Component\HttpFoundation\Request), 1, TRUE)
#37 /home/benmang1/public_html/drupal-project/web/core/lib/Drupal/Core/StackMiddleware/StackedHttpKernel.php(51): Drupal\Core\StackMiddleware\AjaxPageState->handle(Object(Symfony\Component\HttpFoundation\Request), 1, TRUE)
#38 /home/benmang1/public_html/drupal-project/web/core/lib/Drupal/Core/DrupalKernel.php(741): Drupal\Core\StackMiddleware\StackedHttpKernel->handle(Object(Symfony\Component\HttpFoundation\Request), 1, TRUE)
#39 /home/benmang1/public_html/drupal-project/web/index.php(19): Drupal\Core\DrupalKernel->handle(Object(Symfony\Component\HttpFoundation\Request))
#40 {main}


2026-07-08 13:22:24+0100  [error] Connection refused

2026-07-08 13:22:24+0100  [debug] not connected 

#0 /home/benmang1/public_html/drupal-project/vendor/pear/pear-core-minimal/src/PEAR.php(587): PEAR_Error->__construct("not connected", NULL, 16, (Array:2), NULL)
#1 /home/benmang1/public_html/drupal-project/vendor/pear/pear-core-minimal/src/PEAR.php(229): PEAR::_raiseError(Object(Net_Socket), "not connected")
#2 /home/benmang1/public_html/drupal-project/vendor/pear/net_socket/Net/Socket.php(410): PEAR->__call("raiseError", (Array:1))
#3 /home/benmang1/public_html/drupal-project/vendor/pear/net_smtp/Net/SMTP.php(300): Net_Socket->write("QUIT\r\n")
#4 /home/benmang1/public_html/drupal-project/vendor/pear/net_smtp/Net/SMTP.php(335): Net_SMTP->send("QUIT\r\n")
#5 /home/benmang1/public_html/drupal-project/vendor/pear/net_smtp/Net/SMTP.php(523): Net_SMTP->put("QUIT")
#6 /home/benmang1/public_html/drupal-project/vendor/pear/mail/Mail/smtp.php(509): Net_SMTP->disconnect()
#7 /home/benmang1/public_html/drupal-project/vendor/pear/mail/Mail/smtp.php(291): Mail_smtp->disconnect()
#8 /home/benmang1/public_html/drupal-project/vendor/civicrm/civicrm-core/CRM/Utils/Mail/FilteredPearMailer.php(61): Mail_smtp->__destruct()
#9 /home/benmang1/public_html/drupal-project/vendor/civicrm/civicrm-core/CRM/Admin/Form/Setting/Smtp.php(110): CRM_Utils_Mail_FilteredPearMailer->__destruct()
#10 /home/benmang1/public_html/drupal-project/vendor/civicrm/civicrm-core/CRM/Core/Form.php(646): CRM_Admin_Form_Setting_Smtp->postProcess()
#11 /home/benmang1/public_html/drupal-project/vendor/civicrm/civicrm-core/CRM/Core/QuickForm/Action/Refresh.php(57): CRM_Core_Form->mainProcess()
#12 /home/benmang1/public_html/drupal-project/vendor/civicrm/civicrm-packages/HTML/QuickForm/Controller.php(203): CRM_Core_QuickForm_Action_Refresh->perform(Object(CRM_Admin_Form_Setting_Smtp), "refresh")
#13 /home/benmang1/public_html/drupal-project/vendor/civicrm/civicrm-packages/HTML/QuickForm/Page.php(103): HTML_QuickForm_Controller->handle(Object(CRM_Admin_Form_Setting_Smtp), "refresh")
#14 /home/benmang1/public_html/drupal-project/vendor/civicrm/civicrm-core/CRM/Core/Controller.php(350): HTML_QuickForm_Page->handle("refresh")
#15 /home/benmang1/public_html/drupal-project/vendor/civicrm/civicrm-core/CRM/Utils/Wrapper.php(98): CRM_Core_Controller->run()
#16 /home/benmang1/public_html/drupal-project/vendor/civicrm/civicrm-core/CRM/Core/Invoke.php(246): CRM_Utils_Wrapper->run("CRM_Admin_Form_Setting_Smtp", "Outbound Email Settings", (Array:0))
#17 /home/benmang1/public_html/drupal-project/vendor/civicrm/civicrm-core/CRM/Core/Invoke.php(82): CRM_Core_Invoke::runItem((Array:18))
#18 /home/benmang1/public_html/drupal-project/vendor/civicrm/civicrm-core/CRM/Core/Invoke.php(40): CRM_Core_Invoke::_invoke((Array:4))
#19 /home/benmang1/public_html/drupal-project/web/modules/contrib/civicrm/src/Civicrm.php(87): CRM_Core_Invoke::invoke((Array:4))
#20 /home/benmang1/public_html/drupal-project/web/modules/contrib/civicrm/src/Controller/CivicrmController.php(83): Drupal\civicrm\Civicrm->invoke((Array:4))
#21 [internal function](): Drupal\civicrm\Controller\CivicrmController->main((Array:4), "")
#22 /home/benmang1/public_html/drupal-project/web/core/lib/Drupal/Core/EventSubscriber/EarlyRenderingControllerWrapperSubscriber.php(123): call_user_func_array((Array:2), (Array:2))
#23 /home/benmang1/public_html/drupal-project/web/core/lib/Drupal/Core/Render/Renderer.php(637): Drupal\Core\EventSubscriber\EarlyRenderingControllerWrapperSubscriber->Drupal\Core\EventSubscriber\{closure}()
#24 /home/benmang1/public_html/drupal-project/web/core/lib/Drupal/Core/EventSubscriber/EarlyRenderingControllerWrapperSubscriber.php(121): Drupal\Core\Render\Renderer->executeInRenderContext(Object(Drupal\Core\Render\RenderContext), Object(Closure))
#25 /home/benmang1/public_html/drupal-project/web/core/lib/Drupal/Core/EventSubscriber/EarlyRenderingControllerWrapperSubscriber.php(97): Drupal\Core\EventSubscriber\EarlyRenderingControllerWrapperSubscriber->wrapControllerExecutionInRenderContext((Array:2), (Array:2))
#26 /home/benmang1/public_html/drupal-project/vendor/symfony/http-kernel/HttpKernel.php(181): Drupal\Core\EventSubscriber\EarlyRenderingControllerWrapperSubscriber->Drupal\Core\EventSubscriber\{closure}()
#27 /home/benmang1/public_html/drupal-project/vendor/symfony/http-kernel/HttpKernel.php(76): Symfony\Component\HttpKernel\HttpKernel->handleRaw(Object(Symfony\Component\HttpFoundation\Request), 1)
#28 /home/benmang1/public_html/drupal-project/web/core/lib/Drupal/Core/StackMiddleware/Session.php(53): Symfony\Component\HttpKernel\HttpKernel->handle(Object(Symfony\Component\HttpFoundation\Request), 1, TRUE)
#29 /home/benmang1/public_html/drupal-project/web/core/lib/Drupal/Core/StackMiddleware/KernelPreHandle.php(48): Drupal\Core\StackMiddleware\Session->handle(Object(Symfony\Component\HttpFoundation\Request), 1, TRUE)
#30 /home/benmang1/public_html/drupal-project/web/core/lib/Drupal/Core/StackMiddleware/ContentLength.php(28): Drupal\Core\StackMiddleware\KernelPreHandle->handle(Object(Symfony\Component\HttpFoundation\Request), 1, TRUE)
#31 /home/benmang1/public_html/drupal-project/web/core/modules/page_cache/src/StackMiddleware/PageCache.php(116): Drupal\Core\StackMiddleware\ContentLength->handle(Object(Symfony\Component\HttpFoundation\Request), 1, TRUE)
#32 /home/benmang1/public_html/drupal-project/web/core/modules/page_cache/src/StackMiddleware/PageCache.php(90): Drupal\page_cache\StackMiddleware\PageCache->pass(Object(Symfony\Component\HttpFoundation\Request), 1, TRUE)
#33 /home/benmang1/public_html/drupal-project/web/core/lib/Drupal/Core/StackMiddleware/ReverseProxyMiddleware.php(48): Drupal\page_cache\StackMiddleware\PageCache->handle(Object(Symfony\Component\HttpFoundation\Request), 1, TRUE)
#34 /home/benmang1/public_html/drupal-project/web/core/lib/Drupal/Core/StackMiddleware/NegotiationMiddleware.php(51): Drupal\Core\StackMiddleware\ReverseProxyMiddleware->handle(Object(Symfony\Component\HttpFoundation\Request), 1, TRUE)
#35 /home/benmang1/public_html/drupal-project/web/core/lib/Drupal/Core/StackMiddleware/AjaxPageState.php(36): Drupal\Core\StackMiddleware\NegotiationMiddleware->handle(Object(Symfony\Component\HttpFoundation\Request), 1, TRUE)
#36 /home/benmang1/public_html/drupal-project/web/core/lib/Drupal/Core/StackMiddleware/StackedHttpKernel.php(51): Drupal\Core\StackMiddleware\AjaxPageState->handle(Object(Symfony\Component\HttpFoundation\Request), 1, TRUE)
#37 /home/benmang1/public_html/drupal-project/web/core/lib/Drupal/Core/DrupalKernel.php(741): Drupal\Core\StackMiddleware\StackedHttpKernel->handle(Object(Symfony\Component\HttpFoundation\Request), 1, TRUE)
#38 /home/benmang1/public_html/drupal-project/web/index.php(19): Drupal\Core\DrupalKernel->handle(Object(Symfony\Component\HttpFoundation\Request))
#39 {main}


2026-07-08 13:22:24+0100  [error] not connected

2026-07-08 13:41:41+0100  [debug] Running task: Fetch "ca.civicrm.logviewer" from "https://github.com/adixon/ca.civicrm.logviewer/archive/2.3.0.zip"

2026-07-08 13:41:41+0100  [debug] Running task: Verify requirements

2026-07-08 13:41:41+0100  [debug] Running task: Swap folders

2026-07-08 13:41:43+0100  [debug] Running task: Rebuild system

2026-07-08 13:41:46+0100  [debug] Running task: Enable "ca.civicrm.logviewer"

2026-07-08 13:41:49+0100  [debug] Running task: Cleanup workspace

2026-07-09 11:09:25+0100  [info] Charity import error for reg 1209400: 'Other' is not a valid option for field custom_11

2026-07-09 11:09:25+0100  [info] Charity import error for reg 1209403: 'Unreachable' is not a valid option for field custom_11

2026-07-09 11:09:25+0100  [info] Charity import error for reg 1209405: 'Unreachable' is not a valid option for field custom_11

2026-07-09 11:09:26+0100  [info] Charity import error for reg 1209408: Value for organization_name is 129 characters  - This field has a maxlength of 128 characters.

2026-07-09 11:16:30+0100  [info] Charity import error for reg 1209413: 'Unreachable' is not a valid option for field custom_11

2026-07-09 11:16:31+0100  [info] Charity import error for reg 1209417: 'Other' is not a valid option for field custom_11

2026-07-09 11:16:31+0100  [info] Charity import error for reg 1209422: 'Other' is not a valid option for field custom_11

2026-07-09 11:16:31+0100  [info] Charity import error for reg 1209423: Value for street_address is 101 characters  - This field has a maxlength of 96 characters.

2026-07-09 11:16:31+0100  [info] Charity import error for reg 1209424: 'Other' is not a valid option for field custom_11

2026-07-09 11:16:31+0100  [info] Charity import error for reg 1209425: 'Unreachable' is not a valid option for field custom_11

2026-07-09 11:16:32+0100  [info] Charity import error for reg 1209432: 'Other' is not a valid option for field custom_11

2026-07-09 11:16:32+0100  [info] Charity import error for reg 1209437: 'Unreachable' is not a valid option for field custom_11

2026-07-09 11:16:32+0100  [info] Charity import error for reg 1209439: 'Other' is not a valid option for field custom_11

2026-07-09 11:16:32+0100  [info] Charity import error for reg 1209441: 'Other' is not a valid option for field custom_11

2026-07-09 11:16:32+0100  [info] Charity import error for reg 1209445: 'Other' is not a valid option for field custom_11

2026-07-09 11:16:33+0100  [info] Charity import error for reg 1209454: 'Other' is not a valid option for field custom_11

2026-07-09 11:16:33+0100  [info] Charity import error for reg 1209459: 'Unreachable' is not a valid option for field custom_11

2026-07-09 11:16:33+0100  [info] Charity import error for reg 1209461: 'Other' is not a valid option for field custom_11

2026-07-09 11:16:33+0100  [info] Charity import error for reg 1209467: 'Other' is not a valid option for field custom_11

2026-07-09 11:16:33+0100  [info] Charity import error for reg 1209468: 'Unreachable' is not a valid option for field custom_11

2026-07-09 11:16:34+0100  [info] Charity import error for reg 1209472: 'Other' is not a valid option for field custom_11

2026-07-09 11:16:34+0100  [info] Charity import error for reg 1209476: 'Unreachable' is not a valid option for field custom_11

2026-07-09 11:16:35+0100  [info] Charity import error for reg 1209487: 'Other' is not a valid option for field custom_11

2026-07-09 11:16:35+0100  [info] Charity import error for reg 1209491: 'Unreachable' is not a valid option for field custom_11

2026-07-09 11:16:35+0100  [info] Charity import error for reg 1209494: 'Other' is not a valid option for field custom_11

2026-07-09 11:16:35+0100  [info] Charity import error for reg 1209496: 'Unreachable' is not a valid option for field custom_11

2026-07-09 11:16:35+0100  [info] Charity import error for reg 1209498: Value for street_address is 102 characters  - This field has a maxlength of 96 characters.

2026-07-09 11:16:35+0100  [info] Charity import error for reg 1209501: 'Invalid' is not a valid option for field custom_11

2026-07-09 11:16:35+0100  [info] Charity import error for reg 1209502: 'Unreachable' is not a valid option for field custom_11

2026-07-09 11:16:36+0100  [info] Charity import error for reg 1209504: 'Other' is not a valid option for field custom_11

2026-07-09 11:16:36+0100  [info] Charity import error for reg 1209511: 'Unreachable' is not a valid option for field custom_11

2026-07-09 11:20:56+0100  [debug] $API3 Request Authorization failed = #0 /home/benmang1/public_html/drupal-project/vendor/civicrm/civicrm-core/Civi/API/Kernel.php(158): CRM_Core_Error::backtrace("API3 Request Authorization failed", TRUE)
#1 /home/benmang1/public_html/drupal-project/vendor/civicrm/civicrm-core/Civi/API/Kernel.php(84): Civi\API\Kernel->runRequest((Array:8))
#2 /home/benmang1/public_html/drupal-project/vendor/civicrm/civicrm-core/api/api.php(147): Civi\API\Kernel->runSafe("Case", "getcount", (Array:2))
#3 /home/benmang1/public_html/drupal-project/vendor/civicrm/civicrm-core/CRM/Case/BAO/Case.php(1871): civicrm_api3("Case", "getcount", (Array:2))
#4 /home/benmang1/public_html/drupal-project/vendor/civicrm/civicrm-core/CRM/Core/Page/Basic.php(268): CRM_Case_BAO_Case::caseCount(NULL, FALSE)
#5 /home/benmang1/public_html/drupal-project/vendor/civicrm/civicrm-core/CRM/Core/Page/Basic.php(427): CRM_Core_Page_Basic->action(Object(CRM_Core_BAO_OptionGroup), 10, (Array:8), (Array:4), 1)
#6 /home/benmang1/public_html/drupal-project/vendor/civicrm/civicrm-core/CRM/Core/Page/Basic.php(235): CRM_Core_Page_Basic->getRows(NULL, 10, (Array:4))
#7 /home/benmang1/public_html/drupal-project/vendor/civicrm/civicrm-core/CRM/Admin/Page/Options.php(214): CRM_Core_Page_Basic->browse()
#8 /home/benmang1/public_html/drupal-project/vendor/civicrm/civicrm-core/CRM/Core/Page/Basic.php(174): CRM_Admin_Page_Options->browse(NULL, NULL)
#9 /home/benmang1/public_html/drupal-project/vendor/civicrm/civicrm-core/CRM/Admin/Page/Options.php(206): CRM_Core_Page_Basic->run()
#10 /home/benmang1/public_html/drupal-project/vendor/civicrm/civicrm-core/CRM/Core/Invoke.php(246): CRM_Admin_Page_Options->run((Array:3), NULL)
#11 /home/benmang1/public_html/drupal-project/vendor/civicrm/civicrm-core/CRM/Core/Invoke.php(82): CRM_Core_Invoke::runItem((Array:19))
#12 /home/benmang1/public_html/drupal-project/vendor/civicrm/civicrm-core/CRM/Core/Invoke.php(40): CRM_Core_Invoke::_invoke((Array:3))
#13 /home/benmang1/public_html/drupal-project/web/modules/contrib/civicrm/src/Civicrm.php(87): CRM_Core_Invoke::invoke((Array:3))
#14 /home/benmang1/public_html/drupal-project/web/modules/contrib/civicrm/src/Controller/CivicrmController.php(83): Drupal\civicrm\Civicrm->invoke((Array:3))
#15 [internal function](): Drupal\civicrm\Controller\CivicrmController->main((Array:3), "")
#16 /home/benmang1/public_html/drupal-project/web/core/lib/Drupal/Core/EventSubscriber/EarlyRenderingControllerWrapperSubscriber.php(123): call_user_func_array((Array:2), (Array:2))
#17 /home/benmang1/public_html/drupal-project/web/core/lib/Drupal/Core/Render/Renderer.php(637): Drupal\Core\EventSubscriber\EarlyRenderingControllerWrapperSubscriber->Drupal\Core\EventSubscriber\{closure}()
#18 /home/benmang1/public_html/drupal-project/web/core/lib/Drupal/Core/EventSubscriber/EarlyRenderingControllerWrapperSubscriber.php(121): Drupal\Core\Render\Renderer->executeInRenderContext(Object(Drupal\Core\Render\RenderContext), Object(Closure))
#19 /home/benmang1/public_html/drupal-project/web/core/lib/Drupal/Core/EventSubscriber/EarlyRenderingControllerWrapperSubscriber.php(97): Drupal\Core\EventSubscriber\EarlyRenderingControllerWrapperSubscriber->wrapControllerExecutionInRenderContext((Array:2), (Array:2))
#20 /home/benmang1/public_html/drupal-project/vendor/symfony/http-kernel/HttpKernel.php(181): Drupal\Core\EventSubscriber\EarlyRenderingControllerWrapperSubscriber->Drupal\Core\EventSubscriber\{closure}()
#21 /home/benmang1/public_html/drupal-project/vendor/symfony/http-kernel/HttpKernel.php(76): Symfony\Component\HttpKernel\HttpKernel->handleRaw(Object(Symfony\Component\HttpFoundation\Request), 1)
#22 /home/benmang1/public_html/drupal-project/web/core/lib/Drupal/Core/StackMiddleware/Session.php(53): Symfony\Component\HttpKernel\HttpKernel->handle(Object(Symfony\Component\HttpFoundation\Request), 1, TRUE)
#23 /home/benmang1/public_html/drupal-project/web/core/lib/Drupal/Core/StackMiddleware/KernelPreHandle.php(48): Drupal\Core\StackMiddleware\Session->handle(Object(Symfony\Component\HttpFoundation\Request), 1, TRUE)
#24 /home/benmang1/public_html/drupal-project/web/core/lib/Drupal/Core/StackMiddleware/ContentLength.php(28): Drupal\Core\StackMiddleware\KernelPreHandle->handle(Object(Symfony\Component\HttpFoundation\Request), 1, TRUE)
#25 /home/benmang1/public_html/drupal-project/web/core/modules/page_cache/src/StackMiddleware/PageCache.php(116): Drupal\Core\StackMiddleware\ContentLength->handle(Object(Symfony\Component\HttpFoundation\Request), 1, TRUE)
#26 /home/benmang1/public_html/drupal-project/web/core/modules/page_cache/src/StackMiddleware/PageCache.php(90): Drupal\page_cache\StackMiddleware\PageCache->pass(Object(Symfony\Component\HttpFoundation\Request), 1, TRUE)
#27 /home/benmang1/public_html/drupal-project/web/core/lib/Drupal/Core/StackMiddleware/ReverseProxyMiddleware.php(48): Drupal\page_cache\StackMiddleware\PageCache->handle(Object(Symfony\Component\HttpFoundation\Request), 1, TRUE)
#28 /home/benmang1/public_html/drupal-project/web/core/lib/Drupal/Core/StackMiddleware/NegotiationMiddleware.php(51): Drupal\Core\StackMiddleware\ReverseProxyMiddleware->handle(Object(Symfony\Component\HttpFoundation\Request), 1, TRUE)
#29 /home/benmang1/public_html/drupal-project/web/core/lib/Drupal/Core/StackMiddleware/AjaxPageState.php(36): Drupal\Core\StackMiddleware\NegotiationMiddleware->handle(Object(Symfony\Component\HttpFoundation\Request), 1, TRUE)
#30 /home/benmang1/public_html/drupal-project/web/core/lib/Drupal/Core/StackMiddleware/StackedHttpKernel.php(51): Drupal\Core\StackMiddleware\AjaxPageState->handle(Object(Symfony\Component\HttpFoundation\Request), 1, TRUE)
#31 /home/benmang1/public_html/drupal-project/web/core/lib/Drupal/Core/DrupalKernel.php(741): Drupal\Core\StackMiddleware\StackedHttpKernel->handle(Object(Symfony\Component\HttpFoundation\Request), 1, TRUE)
#32 /home/benmang1/public_html/drupal-project/web/index.php(19): Drupal\Core\DrupalKernel->handle(Object(Symfony\Component\HttpFoundation\Request))
#33 {main}


