2026-07-10 16:48:58+0100  [debug] $backTrace = #0 /var/www/html/vendor/civicrm/civicrm-core/CRM/Core/Error.php(257): CRM_Core_Error::backtrace("backTrace", TRUE)
#1 /var/www/html/vendor/pear/pear-core-minimal/src/PEAR.php(955): CRM_Core_Error::simpleHandler(Object(DB_Error))
#2 /var/www/html/vendor/pear/db/DB.php(986): PEAR_Error->__construct("DB Error: connect failed", -24, 16, (Array:2), " [nativecode=No such file or directory]")
#3 /var/www/html/vendor/pear/pear-core-minimal/src/PEAR.php(585): DB_Error->__construct(-24, 16, (Array:2), " [nativecode=No such file or directory]")
#4 /var/www/html/vendor/pear/pear-core-minimal/src/PEAR.php(229): PEAR::_raiseError(Object(DB_mysqli), NULL, -24, 16, (Array:2), " [nativecode=No such file or directory]", "DB_Error", TRUE)
#5 /var/www/html/vendor/pear/db/DB/common.php(1935): PEAR->__call("raiseError", (Array:7))
#6 /var/www/html/vendor/pear/db/DB/mysqli.php(341): DB_common->raiseError(-24, NULL, NULL, " [nativecode=No such file or directory]", "No such file or directory")
#7 /var/www/html/vendor/pear/db/DB.php(570): DB_mysqli->connect((Array:10), FALSE)
#8 /var/www/html/vendor/civicrm/civicrm-packages/DB/DataObject.php(2559): DB::connect((string))
#9 /var/www/html/vendor/civicrm/civicrm-core/CRM/Core/DAO.php(609): DB_DataObject->_connect()
#10 /var/www/html/vendor/civicrm/civicrm-core/CRM/Core/DAO.php(152): CRM_Core_DAO->initialize()
#11 /var/www/html/vendor/civicrm/civicrm-core/CRM/Core/DAO.php(1731): CRM_Core_DAO->__construct()
#12 /var/www/html/vendor/civicrm/civicrm-core/CRM/Core/DAO.php(328): CRM_Core_DAO::executeQuery("SET NAMES utf8mb4")
#13 /var/www/html/vendor/civicrm/civicrm-core/Civi/Core/Container.php(705): CRM_Core_DAO::init("mysqli://benmang1_benmango8:9Zq76twa667P@localhost:3306/benmang1_benmango8_ci...")
#14 /var/www/html/vendor/civicrm/civicrm-core/CRM/Core/Config.php(88): Civi\Core\Container::boot(TRUE)
#15 /var/www/html/web/modules/contrib/civicrm/src/Civicrm.php(60): CRM_Core_Config::singleton()
#16 /var/www/html/web/modules/contrib/civicrm/src/Routing/Routes.php(23): Drupal\civicrm\Civicrm->initialize()
#17 [internal function](): Drupal\civicrm\Routing\Routes->listRoutes()
#18 /var/www/html/web/core/lib/Drupal/Core/Routing/RouteBuilder.php(146): call_user_func((Array:2))
#19 /var/www/html/web/core/lib/Drupal/Core/ProxyClass/Routing/RouteBuilder.php(83): Drupal\Core\Routing\RouteBuilder->rebuild()
#20 /var/www/html/web/core/includes/common.inc(485): Drupal\Core\ProxyClass\Routing\RouteBuilder->rebuild()
#21 /var/www/html/web/core/includes/utility.inc(41): drupal_flush_all_caches(Object(Drupal\Core\DrupalKernel))
#22 /var/www/html/vendor/drush/drush/src/Commands/core/CacheRebuildCommands.php(70): drupal_rebuild(Object(Composer\Autoload\ClassLoader), Object(Symfony\Component\HttpFoundation\Request))
#23 [internal function](): Drush\Commands\core\CacheRebuildCommands->rebuild((Array:17))
#24 /var/www/html/vendor/consolidation/annotated-command/src/CommandProcessor.php(276): call_user_func_array((Array:2), (Array:1))
#25 /var/www/html/vendor/consolidation/annotated-command/src/CommandProcessor.php(212): Consolidation\AnnotatedCommand\CommandProcessor->runCommandCallback((Array:2), Object(Consolidation\AnnotatedCommand\CommandData))
#26 /var/www/html/vendor/consolidation/annotated-command/src/CommandProcessor.php(175): Consolidation\AnnotatedCommand\CommandProcessor->validateRunAndAlter((Array:5), (Array:2), Object(Consolidation\AnnotatedCommand\CommandData))
#27 /var/www/html/vendor/consolidation/annotated-command/src/AnnotatedCommand.php(389): Consolidation\AnnotatedCommand\CommandProcessor->process(Object(Symfony\Component\Console\Output\ConsoleOutput), (Array:5), (Array:2), Object(Consolidation\AnnotatedCommand\CommandData))
#28 /var/www/html/vendor/symfony/console/Command/Command.php(326): Consolidation\AnnotatedCommand\AnnotatedCommand->execute(Object(Symfony\Component\Console\Input\ArgvInput), Object(Symfony\Component\Console\Output\ConsoleOutput))
#29 /var/www/html/vendor/symfony/console/Application.php(1121): Symfony\Component\Console\Command\Command->run(Object(Symfony\Component\Console\Input\ArgvInput), Object(Symfony\Component\Console\Output\ConsoleOutput))
#30 /var/www/html/vendor/symfony/console/Application.php(324): Symfony\Component\Console\Application->doRunCommand(Object(Consolidation\AnnotatedCommand\AnnotatedCommand), Object(Symfony\Component\Console\Input\ArgvInput), Object(Symfony\Component\Console\Output\ConsoleOutput))
#31 /var/www/html/vendor/symfony/console/Application.php(175): Symfony\Component\Console\Application->doRun(Object(Symfony\Component\Console\Input\ArgvInput), Object(Symfony\Component\Console\Output\ConsoleOutput))
#32 /var/www/html/vendor/drush/drush/src/Runtime/Runtime.php(110): Symfony\Component\Console\Application->run(Object(Symfony\Component\Console\Input\ArgvInput), Object(Symfony\Component\Console\Output\ConsoleOutput))
#33 /var/www/html/vendor/drush/drush/src/Runtime/Runtime.php(40): Drush\Runtime\Runtime->doRun((Array:2), Object(Symfony\Component\Console\Output\ConsoleOutput))
#34 /var/www/html/vendor/drush/drush/drush.php(139): Drush\Runtime\Runtime->run((Array:2))
#35 /var/www/html/vendor/drush/drush/drush(4): require("/var/www/html/vendor/drush/drush/drush.php")
#36 /var/www/html/vendor/bin/drush(119): include("/var/www/html/vendor/drush/drush/drush")
#37 {main}


2026-07-10 16:48:58+0100  [debug] $backTrace = #0 /var/www/html/vendor/civicrm/civicrm-core/CRM/Core/Error.php(257): CRM_Core_Error::backtrace("backTrace", TRUE)
#1 /var/www/html/vendor/pear/pear-core-minimal/src/PEAR.php(955): CRM_Core_Error::simpleHandler(Object(DB_Error))
#2 /var/www/html/vendor/pear/db/DB.php(986): PEAR_Error->__construct("DB Error: connect failed", -24, 16, (Array:2), " [nativecode=No such file or directory]")
#3 /var/www/html/vendor/pear/pear-core-minimal/src/PEAR.php(585): DB_Error->__construct(-24, 16, (Array:2), " [nativecode=No such file or directory]")
#4 /var/www/html/vendor/pear/pear-core-minimal/src/PEAR.php(229): PEAR::_raiseError(Object(DB_mysqli), NULL, -24, 16, (Array:2), " [nativecode=No such file or directory]", "DB_Error", TRUE)
#5 /var/www/html/vendor/pear/db/DB/common.php(1935): PEAR->__call("raiseError", (Array:7))
#6 /var/www/html/vendor/pear/db/DB/mysqli.php(341): DB_common->raiseError(-24, NULL, NULL, " [nativecode=No such file or directory]", "No such file or directory")
#7 /var/www/html/vendor/pear/db/DB.php(570): DB_mysqli->connect((Array:10), FALSE)
#8 /var/www/html/vendor/civicrm/civicrm-packages/DB/DataObject.php(2559): DB::connect((string))
#9 /var/www/html/vendor/civicrm/civicrm-core/CRM/Core/DAO.php(609): DB_DataObject->_connect()
#10 /var/www/html/vendor/civicrm/civicrm-core/CRM/Core/DAO.php(152): CRM_Core_DAO->initialize()
#11 /var/www/html/vendor/civicrm/civicrm-core/CRM/Core/DAO.php(2316): CRM_Core_DAO->__construct()
#12 /var/www/html/vendor/civicrm/civicrm-core/CRM/Core/DAO.php(1839): CRM_Core_DAO::escapeString(1)
#13 /var/www/html/vendor/civicrm/civicrm-core/CRM/Core/DAO.php(1728): CRM_Core_DAO::composeQuery("SELECT locale_custom_strings FROM civicrm_domain WHERE id = %1", (Array:1), TRUE)
#14 /var/www/html/vendor/civicrm/civicrm-core/CRM/Core/BAO/WordReplacement.php(280): CRM_Core_DAO::executeQuery("SELECT locale_custom_strings FROM civicrm_domain WHERE id = %1", (Array:1), TRUE, NULL, FALSE, FALSE)
#15 /var/www/html/vendor/civicrm/civicrm-core/CRM/Core/BAO/WordReplacement.php(267): CRM_Core_BAO_WordReplacement::_getLocaleCustomStrings(1)
#16 /var/www/html/vendor/civicrm/civicrm-core/CRM/Core/I18n.php(796): CRM_Core_BAO_WordReplacement::getLocaleCustomStrings("en_US")
#17 /var/www/html/vendor/civicrm/civicrm-core/CRM/Core/I18n.php(440): CRM_Core_I18n->getWordReplacements()
#18 /var/www/html/vendor/civicrm/civicrm-core/CRM/Core/I18n.php(405): CRM_Core_I18n->crm_translate_raw("System Installed", NULL, NULL, NULL, NULL)
#19 /var/www/html/vendor/civicrm/civicrm-core/functions.php(66): CRM_Core_I18n->crm_translate("System Installed", (Array:0))
#20 /var/www/html/vendor/civicrm/civicrm-core/settings/Core.boot.setting.php(30): ts("System Installed")
#21 /var/www/html/vendor/civicrm/civicrm-core/Civi/Core/SettingsMetadata.php(157): include("/var/www/html/vendor/civicrm/civicrm-core/settings/Core.boot.setting.php")
#22 /var/www/html/vendor/civicrm/civicrm-core/Civi/Core/SettingsMetadata.php(121): Civi\Core\SettingsMetadata::loadSettingsMetadata("/var/www/html/vendor/civicrm/civicrm-core/settings", "*.boot.setting.php")
#23 /var/www/html/vendor/civicrm/civicrm-core/Civi/Core/SettingsMetadata.php(68): Civi\Core\SettingsMetadata::getBootMetadata()
#24 /var/www/html/vendor/civicrm/civicrm-core/Civi/Core/SettingsManager.php(330): Civi\Core\SettingsMetadata::getMetadata((Array:2), NULL, FALSE, TRUE)
#25 /var/www/html/vendor/civicrm/civicrm-core/Civi/Core/SettingsManager.php(311): Civi\Core\SettingsManager->getEnvSettingValues("domain")
#26 /var/www/html/vendor/civicrm/civicrm-core/Civi/Core/SettingsManager.php(222): Civi\Core\SettingsManager->getMandatory("domain")
#27 /var/www/html/vendor/civicrm/civicrm-core/Civi.php(286): Civi\Core\SettingsManager->getBagByDomain(1)
#28 /var/www/html/vendor/civicrm/civicrm-core/CRM/Core/Config/MagicMerge.php(400): Civi::settings()
#29 /var/www/html/vendor/civicrm/civicrm-core/CRM/Core/Config/MagicMerge.php(229): CRM_Core_Config_MagicMerge->getSettings()
#30 /var/www/html/vendor/civicrm/civicrm-core/CRM/Core/Error.php(629): CRM_Core_Config_MagicMerge->__get("userFrameworkLogging")
#31 /var/www/html/vendor/civicrm/civicrm-core/CRM/Core/Error.php(588): CRM_Core_Error::debug_log_message("$backTrace = #0 /var/www/html/vendor/civicrm/civicrm-core/CRM/Core/Error.php(...", FALSE, "", 7)
#32 /var/www/html/vendor/civicrm/civicrm-core/CRM/Core/Error.php(760): CRM_Core_Error::debug_var("backTrace", "#0 /var/www/html/vendor/civicrm/civicrm-core/CRM/Core/Error.php(257): CRM_Cor...", TRUE, TRUE, "", 7)
#33 /var/www/html/vendor/civicrm/civicrm-core/CRM/Core/Error.php(257): CRM_Core_Error::backtrace("backTrace", TRUE)
#34 /var/www/html/vendor/pear/pear-core-minimal/src/PEAR.php(955): CRM_Core_Error::simpleHandler(Object(DB_Error))
#35 /var/www/html/vendor/pear/db/DB.php(986): PEAR_Error->__construct("DB Error: connect failed", -24, 16, (Array:2), " [nativecode=No such file or directory]")
#36 /var/www/html/vendor/pear/pear-core-minimal/src/PEAR.php(585): DB_Error->__construct(-24, 16, (Array:2), " [nativecode=No such file or directory]")
#37 /var/www/html/vendor/pear/pear-core-minimal/src/PEAR.php(229): PEAR::_raiseError(Object(DB_mysqli), NULL, -24, 16, (Array:2), " [nativecode=No such file or directory]", "DB_Error", TRUE)
#38 /var/www/html/vendor/pear/db/DB/common.php(1935): PEAR->__call("raiseError", (Array:7))
#39 /var/www/html/vendor/pear/db/DB/mysqli.php(341): DB_common->raiseError(-24, NULL, NULL, " [nativecode=No such file or directory]", "No such file or directory")
#40 /var/www/html/vendor/pear/db/DB.php(570): DB_mysqli->connect((Array:10), FALSE)
#41 /var/www/html/vendor/civicrm/civicrm-packages/DB/DataObject.php(2559): DB::connect((string))
#42 /var/www/html/vendor/civicrm/civicrm-core/CRM/Core/DAO.php(609): DB_DataObject->_connect()
#43 /var/www/html/vendor/civicrm/civicrm-core/CRM/Core/DAO.php(152): CRM_Core_DAO->initialize()
#44 /var/www/html/vendor/civicrm/civicrm-core/CRM/Core/DAO.php(1731): CRM_Core_DAO->__construct()
#45 /var/www/html/vendor/civicrm/civicrm-core/CRM/Core/DAO.php(328): CRM_Core_DAO::executeQuery("SET NAMES utf8mb4")
#46 /var/www/html/vendor/civicrm/civicrm-core/Civi/Core/Container.php(705): CRM_Core_DAO::init("mysqli://benmang1_benmango8:9Zq76twa667P@localhost:3306/benmang1_benmango8_ci...")
#47 /var/www/html/vendor/civicrm/civicrm-core/CRM/Core/Config.php(88): Civi\Core\Container::boot(TRUE)
#48 /var/www/html/web/modules/contrib/civicrm/src/Civicrm.php(60): CRM_Core_Config::singleton()
#49 /var/www/html/web/modules/contrib/civicrm/src/Routing/Routes.php(23): Drupal\civicrm\Civicrm->initialize()
#50 [internal function](): Drupal\civicrm\Routing\Routes->listRoutes()
#51 /var/www/html/web/core/lib/Drupal/Core/Routing/RouteBuilder.php(146): call_user_func((Array:2))
#52 /var/www/html/web/core/lib/Drupal/Core/ProxyClass/Routing/RouteBuilder.php(83): Drupal\Core\Routing\RouteBuilder->rebuild()
#53 /var/www/html/web/core/includes/common.inc(485): Drupal\Core\ProxyClass\Routing\RouteBuilder->rebuild()
#54 /var/www/html/web/core/includes/utility.inc(41): drupal_flush_all_caches(Object(Drupal\Core\DrupalKernel))
#55 /var/www/html/vendor/drush/drush/src/Commands/core/CacheRebuildCommands.php(70): drupal_rebuild(Object(Composer\Autoload\ClassLoader), Object(Symfony\Component\HttpFoundation\Request))
#56 [internal function](): Drush\Commands\core\CacheRebuildCommands->rebuild((Array:17))
#57 /var/www/html/vendor/consolidation/annotated-command/src/CommandProcessor.php(276): call_user_func_array((Array:2), (Array:1))
#58 /var/www/html/vendor/consolidation/annotated-command/src/CommandProcessor.php(212): Consolidation\AnnotatedCommand\CommandProcessor->runCommandCallback((Array:2), Object(Consolidation\AnnotatedCommand\CommandData))
#59 /var/www/html/vendor/consolidation/annotated-command/src/CommandProcessor.php(175): Consolidation\AnnotatedCommand\CommandProcessor->validateRunAndAlter((Array:5), (Array:2), Object(Consolidation\AnnotatedCommand\CommandData))
#60 /var/www/html/vendor/consolidation/annotated-command/src/AnnotatedCommand.php(389): Consolidation\AnnotatedCommand\CommandProcessor->process(Object(Symfony\Component\Console\Output\ConsoleOutput), (Array:5), (Array:2), Object(Consolidation\AnnotatedCommand\CommandData))
#61 /var/www/html/vendor/symfony/console/Command/Command.php(326): Consolidation\AnnotatedCommand\AnnotatedCommand->execute(Object(Symfony\Component\Console\Input\ArgvInput), Object(Symfony\Component\Console\Output\ConsoleOutput))
#62 /var/www/html/vendor/symfony/console/Application.php(1121): Symfony\Component\Console\Command\Command->run(Object(Symfony\Component\Console\Input\ArgvInput), Object(Symfony\Component\Console\Output\ConsoleOutput))
#63 /var/www/html/vendor/symfony/console/Application.php(324): Symfony\Component\Console\Application->doRunCommand(Object(Consolidation\AnnotatedCommand\AnnotatedCommand), Object(Symfony\Component\Console\Input\ArgvInput), Object(Symfony\Component\Console\Output\ConsoleOutput))
#64 /var/www/html/vendor/symfony/console/Application.php(175): Symfony\Component\Console\Application->doRun(Object(Symfony\Component\Console\Input\ArgvInput), Object(Symfony\Component\Console\Output\ConsoleOutput))
#65 /var/www/html/vendor/drush/drush/src/Runtime/Runtime.php(110): Symfony\Component\Console\Application->run(Object(Symfony\Component\Console\Input\ArgvInput), Object(Symfony\Component\Console\Output\ConsoleOutput))
#66 /var/www/html/vendor/drush/drush/src/Runtime/Runtime.php(40): Drush\Runtime\Runtime->doRun((Array:2), Object(Symfony\Component\Console\Output\ConsoleOutput))
#67 /var/www/html/vendor/drush/drush/drush.php(139): Drush\Runtime\Runtime->run((Array:2))
#68 /var/www/html/vendor/drush/drush/drush(4): require("/var/www/html/vendor/drush/drush/drush.php")
#69 /var/www/html/vendor/bin/drush(119): include("/var/www/html/vendor/drush/drush/drush")
#70 {main}


2026-07-10 16:50:08+0100  [debug] $backTrace = #0 /var/www/html/vendor/civicrm/civicrm-core/CRM/Core/Error.php(257): CRM_Core_Error::backtrace("backTrace", TRUE)
#1 /var/www/html/vendor/pear/pear-core-minimal/src/PEAR.php(955): CRM_Core_Error::simpleHandler(Object(DB_Error))
#2 /var/www/html/vendor/pear/db/DB.php(986): PEAR_Error->__construct("DB Error: connect failed", -24, 16, (Array:2), " [nativecode=No such file or directory]")
#3 /var/www/html/vendor/pear/pear-core-minimal/src/PEAR.php(585): DB_Error->__construct(-24, 16, (Array:2), " [nativecode=No such file or directory]")
#4 /var/www/html/vendor/pear/pear-core-minimal/src/PEAR.php(229): PEAR::_raiseError(Object(DB_mysqli), NULL, -24, 16, (Array:2), " [nativecode=No such file or directory]", "DB_Error", TRUE)
#5 /var/www/html/vendor/pear/db/DB/common.php(1935): PEAR->__call("raiseError", (Array:7))
#6 /var/www/html/vendor/pear/db/DB/mysqli.php(341): DB_common->raiseError(-24, NULL, NULL, " [nativecode=No such file or directory]", "No such file or directory")
#7 /var/www/html/vendor/pear/db/DB.php(570): DB_mysqli->connect((Array:10), FALSE)
#8 /var/www/html/vendor/civicrm/civicrm-packages/DB/DataObject.php(2559): DB::connect((string))
#9 /var/www/html/vendor/civicrm/civicrm-core/CRM/Core/DAO.php(609): DB_DataObject->_connect()
#10 /var/www/html/vendor/civicrm/civicrm-core/CRM/Core/DAO.php(152): CRM_Core_DAO->initialize()
#11 /var/www/html/vendor/civicrm/civicrm-core/CRM/Core/DAO.php(1731): CRM_Core_DAO->__construct()
#12 /var/www/html/vendor/civicrm/civicrm-core/CRM/Core/DAO.php(328): CRM_Core_DAO::executeQuery("SET NAMES utf8mb4")
#13 /var/www/html/vendor/civicrm/civicrm-core/Civi/Core/Container.php(705): CRM_Core_DAO::init("mysqli://benmang1_benmango8:9Zq76twa667P@localhost:3306/benmang1_benmango8_ci...")
#14 /var/www/html/vendor/civicrm/civicrm-core/CRM/Core/Config.php(88): Civi\Core\Container::boot(TRUE)
#15 /var/www/html/web/modules/contrib/civicrm/src/Civicrm.php(60): CRM_Core_Config::singleton()
#16 /var/www/html/web/modules/contrib/civicrm/src/Routing/Routes.php(23): Drupal\civicrm\Civicrm->initialize()
#17 [internal function](): Drupal\civicrm\Routing\Routes->listRoutes()
#18 /var/www/html/web/core/lib/Drupal/Core/Routing/RouteBuilder.php(146): call_user_func((Array:2))
#19 /var/www/html/web/core/lib/Drupal/Core/ProxyClass/Routing/RouteBuilder.php(83): Drupal\Core\Routing\RouteBuilder->rebuild()
#20 /var/www/html/web/core/includes/common.inc(485): Drupal\Core\ProxyClass\Routing\RouteBuilder->rebuild()
#21 /var/www/html/web/core/includes/utility.inc(41): drupal_flush_all_caches(Object(Drupal\Core\DrupalKernel))
#22 /var/www/html/vendor/drush/drush/src/Commands/core/CacheRebuildCommands.php(70): drupal_rebuild(Object(Composer\Autoload\ClassLoader), Object(Symfony\Component\HttpFoundation\Request))
#23 [internal function](): Drush\Commands\core\CacheRebuildCommands->rebuild((Array:17))
#24 /var/www/html/vendor/consolidation/annotated-command/src/CommandProcessor.php(276): call_user_func_array((Array:2), (Array:1))
#25 /var/www/html/vendor/consolidation/annotated-command/src/CommandProcessor.php(212): Consolidation\AnnotatedCommand\CommandProcessor->runCommandCallback((Array:2), Object(Consolidation\AnnotatedCommand\CommandData))
#26 /var/www/html/vendor/consolidation/annotated-command/src/CommandProcessor.php(175): Consolidation\AnnotatedCommand\CommandProcessor->validateRunAndAlter((Array:5), (Array:2), Object(Consolidation\AnnotatedCommand\CommandData))
#27 /var/www/html/vendor/consolidation/annotated-command/src/AnnotatedCommand.php(389): Consolidation\AnnotatedCommand\CommandProcessor->process(Object(Symfony\Component\Console\Output\ConsoleOutput), (Array:5), (Array:2), Object(Consolidation\AnnotatedCommand\CommandData))
#28 /var/www/html/vendor/symfony/console/Command/Command.php(326): Consolidation\AnnotatedCommand\AnnotatedCommand->execute(Object(Symfony\Component\Console\Input\ArgvInput), Object(Symfony\Component\Console\Output\ConsoleOutput))
#29 /var/www/html/vendor/symfony/console/Application.php(1121): Symfony\Component\Console\Command\Command->run(Object(Symfony\Component\Console\Input\ArgvInput), Object(Symfony\Component\Console\Output\ConsoleOutput))
#30 /var/www/html/vendor/symfony/console/Application.php(324): Symfony\Component\Console\Application->doRunCommand(Object(Consolidation\AnnotatedCommand\AnnotatedCommand), Object(Symfony\Component\Console\Input\ArgvInput), Object(Symfony\Component\Console\Output\ConsoleOutput))
#31 /var/www/html/vendor/symfony/console/Application.php(175): Symfony\Component\Console\Application->doRun(Object(Symfony\Component\Console\Input\ArgvInput), Object(Symfony\Component\Console\Output\ConsoleOutput))
#32 /var/www/html/vendor/drush/drush/src/Runtime/Runtime.php(110): Symfony\Component\Console\Application->run(Object(Symfony\Component\Console\Input\ArgvInput), Object(Symfony\Component\Console\Output\ConsoleOutput))
#33 /var/www/html/vendor/drush/drush/src/Runtime/Runtime.php(40): Drush\Runtime\Runtime->doRun((Array:2), Object(Symfony\Component\Console\Output\ConsoleOutput))
#34 /var/www/html/vendor/drush/drush/drush.php(139): Drush\Runtime\Runtime->run((Array:2))
#35 /var/www/html/vendor/drush/drush/drush(4): require("/var/www/html/vendor/drush/drush/drush.php")
#36 /var/www/html/vendor/bin/drush(119): include("/var/www/html/vendor/drush/drush/drush")
#37 {main}


2026-07-10 16:50:08+0100  [debug] $backTrace = #0 /var/www/html/vendor/civicrm/civicrm-core/CRM/Core/Error.php(257): CRM_Core_Error::backtrace("backTrace", TRUE)
#1 /var/www/html/vendor/pear/pear-core-minimal/src/PEAR.php(955): CRM_Core_Error::simpleHandler(Object(DB_Error))
#2 /var/www/html/vendor/pear/db/DB.php(986): PEAR_Error->__construct("DB Error: connect failed", -24, 16, (Array:2), " [nativecode=No such file or directory]")
#3 /var/www/html/vendor/pear/pear-core-minimal/src/PEAR.php(585): DB_Error->__construct(-24, 16, (Array:2), " [nativecode=No such file or directory]")
#4 /var/www/html/vendor/pear/pear-core-minimal/src/PEAR.php(229): PEAR::_raiseError(Object(DB_mysqli), NULL, -24, 16, (Array:2), " [nativecode=No such file or directory]", "DB_Error", TRUE)
#5 /var/www/html/vendor/pear/db/DB/common.php(1935): PEAR->__call("raiseError", (Array:7))
#6 /var/www/html/vendor/pear/db/DB/mysqli.php(341): DB_common->raiseError(-24, NULL, NULL, " [nativecode=No such file or directory]", "No such file or directory")
#7 /var/www/html/vendor/pear/db/DB.php(570): DB_mysqli->connect((Array:10), FALSE)
#8 /var/www/html/vendor/civicrm/civicrm-packages/DB/DataObject.php(2559): DB::connect((string))
#9 /var/www/html/vendor/civicrm/civicrm-core/CRM/Core/DAO.php(609): DB_DataObject->_connect()
#10 /var/www/html/vendor/civicrm/civicrm-core/CRM/Core/DAO.php(152): CRM_Core_DAO->initialize()
#11 /var/www/html/vendor/civicrm/civicrm-core/CRM/Core/DAO.php(2316): CRM_Core_DAO->__construct()
#12 /var/www/html/vendor/civicrm/civicrm-core/CRM/Core/DAO.php(1839): CRM_Core_DAO::escapeString(1)
#13 /var/www/html/vendor/civicrm/civicrm-core/CRM/Core/DAO.php(1728): CRM_Core_DAO::composeQuery("SELECT locale_custom_strings FROM civicrm_domain WHERE id = %1", (Array:1), TRUE)
#14 /var/www/html/vendor/civicrm/civicrm-core/CRM/Core/BAO/WordReplacement.php(280): CRM_Core_DAO::executeQuery("SELECT locale_custom_strings FROM civicrm_domain WHERE id = %1", (Array:1), TRUE, NULL, FALSE, FALSE)
#15 /var/www/html/vendor/civicrm/civicrm-core/CRM/Core/BAO/WordReplacement.php(267): CRM_Core_BAO_WordReplacement::_getLocaleCustomStrings(1)
#16 /var/www/html/vendor/civicrm/civicrm-core/CRM/Core/I18n.php(796): CRM_Core_BAO_WordReplacement::getLocaleCustomStrings("en_US")
#17 /var/www/html/vendor/civicrm/civicrm-core/CRM/Core/I18n.php(440): CRM_Core_I18n->getWordReplacements()
#18 /var/www/html/vendor/civicrm/civicrm-core/CRM/Core/I18n.php(405): CRM_Core_I18n->crm_translate_raw("System Installed", NULL, NULL, NULL, NULL)
#19 /var/www/html/vendor/civicrm/civicrm-core/functions.php(66): CRM_Core_I18n->crm_translate("System Installed", (Array:0))
#20 /var/www/html/vendor/civicrm/civicrm-core/settings/Core.boot.setting.php(30): ts("System Installed")
#21 /var/www/html/vendor/civicrm/civicrm-core/Civi/Core/SettingsMetadata.php(157): include("/var/www/html/vendor/civicrm/civicrm-core/settings/Core.boot.setting.php")
#22 /var/www/html/vendor/civicrm/civicrm-core/Civi/Core/SettingsMetadata.php(121): Civi\Core\SettingsMetadata::loadSettingsMetadata("/var/www/html/vendor/civicrm/civicrm-core/settings", "*.boot.setting.php")
#23 /var/www/html/vendor/civicrm/civicrm-core/Civi/Core/SettingsMetadata.php(68): Civi\Core\SettingsMetadata::getBootMetadata()
#24 /var/www/html/vendor/civicrm/civicrm-core/Civi/Core/SettingsManager.php(330): Civi\Core\SettingsMetadata::getMetadata((Array:2), NULL, FALSE, TRUE)
#25 /var/www/html/vendor/civicrm/civicrm-core/Civi/Core/SettingsManager.php(311): Civi\Core\SettingsManager->getEnvSettingValues("domain")
#26 /var/www/html/vendor/civicrm/civicrm-core/Civi/Core/SettingsManager.php(222): Civi\Core\SettingsManager->getMandatory("domain")
#27 /var/www/html/vendor/civicrm/civicrm-core/Civi.php(286): Civi\Core\SettingsManager->getBagByDomain(1)
#28 /var/www/html/vendor/civicrm/civicrm-core/CRM/Core/Config/MagicMerge.php(400): Civi::settings()
#29 /var/www/html/vendor/civicrm/civicrm-core/CRM/Core/Config/MagicMerge.php(229): CRM_Core_Config_MagicMerge->getSettings()
#30 /var/www/html/vendor/civicrm/civicrm-core/CRM/Core/Error.php(629): CRM_Core_Config_MagicMerge->__get("userFrameworkLogging")
#31 /var/www/html/vendor/civicrm/civicrm-core/CRM/Core/Error.php(588): CRM_Core_Error::debug_log_message("$backTrace = #0 /var/www/html/vendor/civicrm/civicrm-core/CRM/Core/Error.php(...", FALSE, "", 7)
#32 /var/www/html/vendor/civicrm/civicrm-core/CRM/Core/Error.php(760): CRM_Core_Error::debug_var("backTrace", "#0 /var/www/html/vendor/civicrm/civicrm-core/CRM/Core/Error.php(257): CRM_Cor...", TRUE, TRUE, "", 7)
#33 /var/www/html/vendor/civicrm/civicrm-core/CRM/Core/Error.php(257): CRM_Core_Error::backtrace("backTrace", TRUE)
#34 /var/www/html/vendor/pear/pear-core-minimal/src/PEAR.php(955): CRM_Core_Error::simpleHandler(Object(DB_Error))
#35 /var/www/html/vendor/pear/db/DB.php(986): PEAR_Error->__construct("DB Error: connect failed", -24, 16, (Array:2), " [nativecode=No such file or directory]")
#36 /var/www/html/vendor/pear/pear-core-minimal/src/PEAR.php(585): DB_Error->__construct(-24, 16, (Array:2), " [nativecode=No such file or directory]")
#37 /var/www/html/vendor/pear/pear-core-minimal/src/PEAR.php(229): PEAR::_raiseError(Object(DB_mysqli), NULL, -24, 16, (Array:2), " [nativecode=No such file or directory]", "DB_Error", TRUE)
#38 /var/www/html/vendor/pear/db/DB/common.php(1935): PEAR->__call("raiseError", (Array:7))
#39 /var/www/html/vendor/pear/db/DB/mysqli.php(341): DB_common->raiseError(-24, NULL, NULL, " [nativecode=No such file or directory]", "No such file or directory")
#40 /var/www/html/vendor/pear/db/DB.php(570): DB_mysqli->connect((Array:10), FALSE)
#41 /var/www/html/vendor/civicrm/civicrm-packages/DB/DataObject.php(2559): DB::connect((string))
#42 /var/www/html/vendor/civicrm/civicrm-core/CRM/Core/DAO.php(609): DB_DataObject->_connect()
#43 /var/www/html/vendor/civicrm/civicrm-core/CRM/Core/DAO.php(152): CRM_Core_DAO->initialize()
#44 /var/www/html/vendor/civicrm/civicrm-core/CRM/Core/DAO.php(1731): CRM_Core_DAO->__construct()
#45 /var/www/html/vendor/civicrm/civicrm-core/CRM/Core/DAO.php(328): CRM_Core_DAO::executeQuery("SET NAMES utf8mb4")
#46 /var/www/html/vendor/civicrm/civicrm-core/Civi/Core/Container.php(705): CRM_Core_DAO::init("mysqli://benmang1_benmango8:9Zq76twa667P@localhost:3306/benmang1_benmango8_ci...")
#47 /var/www/html/vendor/civicrm/civicrm-core/CRM/Core/Config.php(88): Civi\Core\Container::boot(TRUE)
#48 /var/www/html/web/modules/contrib/civicrm/src/Civicrm.php(60): CRM_Core_Config::singleton()
#49 /var/www/html/web/modules/contrib/civicrm/src/Routing/Routes.php(23): Drupal\civicrm\Civicrm->initialize()
#50 [internal function](): Drupal\civicrm\Routing\Routes->listRoutes()
#51 /var/www/html/web/core/lib/Drupal/Core/Routing/RouteBuilder.php(146): call_user_func((Array:2))
#52 /var/www/html/web/core/lib/Drupal/Core/ProxyClass/Routing/RouteBuilder.php(83): Drupal\Core\Routing\RouteBuilder->rebuild()
#53 /var/www/html/web/core/includes/common.inc(485): Drupal\Core\ProxyClass\Routing\RouteBuilder->rebuild()
#54 /var/www/html/web/core/includes/utility.inc(41): drupal_flush_all_caches(Object(Drupal\Core\DrupalKernel))
#55 /var/www/html/vendor/drush/drush/src/Commands/core/CacheRebuildCommands.php(70): drupal_rebuild(Object(Composer\Autoload\ClassLoader), Object(Symfony\Component\HttpFoundation\Request))
#56 [internal function](): Drush\Commands\core\CacheRebuildCommands->rebuild((Array:17))
#57 /var/www/html/vendor/consolidation/annotated-command/src/CommandProcessor.php(276): call_user_func_array((Array:2), (Array:1))
#58 /var/www/html/vendor/consolidation/annotated-command/src/CommandProcessor.php(212): Consolidation\AnnotatedCommand\CommandProcessor->runCommandCallback((Array:2), Object(Consolidation\AnnotatedCommand\CommandData))
#59 /var/www/html/vendor/consolidation/annotated-command/src/CommandProcessor.php(175): Consolidation\AnnotatedCommand\CommandProcessor->validateRunAndAlter((Array:5), (Array:2), Object(Consolidation\AnnotatedCommand\CommandData))
#60 /var/www/html/vendor/consolidation/annotated-command/src/AnnotatedCommand.php(389): Consolidation\AnnotatedCommand\CommandProcessor->process(Object(Symfony\Component\Console\Output\ConsoleOutput), (Array:5), (Array:2), Object(Consolidation\AnnotatedCommand\CommandData))
#61 /var/www/html/vendor/symfony/console/Command/Command.php(326): Consolidation\AnnotatedCommand\AnnotatedCommand->execute(Object(Symfony\Component\Console\Input\ArgvInput), Object(Symfony\Component\Console\Output\ConsoleOutput))
#62 /var/www/html/vendor/symfony/console/Application.php(1121): Symfony\Component\Console\Command\Command->run(Object(Symfony\Component\Console\Input\ArgvInput), Object(Symfony\Component\Console\Output\ConsoleOutput))
#63 /var/www/html/vendor/symfony/console/Application.php(324): Symfony\Component\Console\Application->doRunCommand(Object(Consolidation\AnnotatedCommand\AnnotatedCommand), Object(Symfony\Component\Console\Input\ArgvInput), Object(Symfony\Component\Console\Output\ConsoleOutput))
#64 /var/www/html/vendor/symfony/console/Application.php(175): Symfony\Component\Console\Application->doRun(Object(Symfony\Component\Console\Input\ArgvInput), Object(Symfony\Component\Console\Output\ConsoleOutput))
#65 /var/www/html/vendor/drush/drush/src/Runtime/Runtime.php(110): Symfony\Component\Console\Application->run(Object(Symfony\Component\Console\Input\ArgvInput), Object(Symfony\Component\Console\Output\ConsoleOutput))
#66 /var/www/html/vendor/drush/drush/src/Runtime/Runtime.php(40): Drush\Runtime\Runtime->doRun((Array:2), Object(Symfony\Component\Console\Output\ConsoleOutput))
#67 /var/www/html/vendor/drush/drush/drush.php(139): Drush\Runtime\Runtime->run((Array:2))
#68 /var/www/html/vendor/drush/drush/drush(4): require("/var/www/html/vendor/drush/drush/drush.php")
#69 /var/www/html/vendor/bin/drush(119): include("/var/www/html/vendor/drush/drush/drush")
#70 {main}


