2026-07-10 16:51:33+0100  [debug] $backTrace = #0 /var/www/html/vendor/civicrm/civicrm-core/CRM/Core/Error.php(257): CRM_Core_Error::backtrace("backTrace", TRUE)
#1 /var/www/html/vendor/pear/pear-core-minimal/src/PEAR.php(955): CRM_Core_Error::simpleHandler(Object(DB_Error))
#2 /var/www/html/vendor/pear/db/DB.php(986): PEAR_Error->__construct("DB Error: no such table", -18, 16, (Array:2), "SELECT\n  id, name, value, domain_id, contact_id, is_domain, component_id, cr...")
#3 /var/www/html/vendor/pear/pear-core-minimal/src/PEAR.php(585): DB_Error->__construct(-18, 16, (Array:2), "SELECT\n  id, name, value, domain_id, contact_id, is_domain, component_id, cr...")
#4 /var/www/html/vendor/pear/pear-core-minimal/src/PEAR.php(229): PEAR::_raiseError(Object(DB_mysqli), NULL, -18, 16, (Array:2), "SELECT\n  id, name, value, domain_id, contact_id, is_domain, component_id, cr...", "DB_Error", TRUE)
#5 /var/www/html/vendor/pear/db/DB/common.php(1935): PEAR->__call("raiseError", (Array:7))
#6 /var/www/html/vendor/pear/db/DB/mysqli.php(962): DB_common->raiseError(-18, NULL, NULL, "SELECT\n  id, name, value, domain_id, contact_id, is_domain, component_id, cr...", "1146 ** Table 'benmang1_benmango8_civi.civicrm_setting' doesn't exist")
#7 /var/www/html/vendor/pear/db/DB/mysqli.php(411): DB_mysqli->mysqliRaiseError()
#8 /var/www/html/vendor/pear/db/DB/common.php(1225): DB_mysqli->simpleQuery("SELECT\n  id, name, value, domain_id, contact_id, is_domain, component_id, cr...")
#9 /var/www/html/vendor/civicrm/civicrm-packages/DB/DataObject.php(2696): DB_common->query("SELECT\n  id, name, value, domain_id, contact_id, is_domain, component_id, cr...")
#10 /var/www/html/vendor/civicrm/civicrm-packages/DB/DataObject.php(1829): DB_DataObject->_query("SELECT\n  id, name, value, domain_id, contact_id, is_domain, component_id, cr...")
#11 /var/www/html/vendor/civicrm/civicrm-core/CRM/Core/DAO.php(598): DB_DataObject->query("SELECT\n  id, name, value, domain_id, contact_id, is_domain, component_id, cr...")
#12 /var/www/html/vendor/civicrm/civicrm-core/CRM/Core/DAO.php(1741): CRM_Core_DAO->query("SELECT\n  id, name, value, domain_id, contact_id, is_domain, component_id, cr...", TRUE)
#13 /var/www/html/vendor/civicrm/civicrm-core/Civi/Core/SettingsBag.php(122): CRM_Core_DAO::executeQuery("SELECT\n  id, name, value, domain_id, contact_id, is_domain, component_id, cr...")
#14 /var/www/html/vendor/civicrm/civicrm-core/Civi/Core/SettingsManager.php(219): Civi\Core\SettingsBag->loadValues()
#15 /var/www/html/vendor/civicrm/civicrm-core/Civi.php(286): Civi\Core\SettingsManager->getBagByDomain(1)
#16 /var/www/html/vendor/civicrm/civicrm-core/CRM/Extension/System.php(88): Civi::settings()
#17 /var/www/html/vendor/civicrm/civicrm-core/CRM/Extension/System.php(65): CRM_Extension_System->__construct()
#18 /var/www/html/vendor/civicrm/civicrm-core/Civi/Core/Container.php(708): CRM_Extension_System::singleton(TRUE)
#19 /var/www/html/vendor/civicrm/civicrm-core/CRM/Core/Config.php(88): Civi\Core\Container::boot(TRUE)
#20 /var/www/html/web/modules/contrib/civicrm/src/Civicrm.php(60): CRM_Core_Config::singleton()
#21 /var/www/html/web/modules/contrib/civicrm/src/Routing/Routes.php(23): Drupal\civicrm\Civicrm->initialize()
#22 [internal function](): Drupal\civicrm\Routing\Routes->listRoutes()
#23 /var/www/html/web/core/lib/Drupal/Core/Routing/RouteBuilder.php(146): call_user_func((Array:2))
#24 /var/www/html/web/core/lib/Drupal/Core/ProxyClass/Routing/RouteBuilder.php(83): Drupal\Core\Routing\RouteBuilder->rebuild()
#25 /var/www/html/web/core/includes/common.inc(485): Drupal\Core\ProxyClass\Routing\RouteBuilder->rebuild()
#26 /var/www/html/web/core/includes/utility.inc(41): drupal_flush_all_caches(Object(Drupal\Core\DrupalKernel))
#27 /var/www/html/vendor/drush/drush/src/Commands/core/CacheRebuildCommands.php(70): drupal_rebuild(Object(Composer\Autoload\ClassLoader), Object(Symfony\Component\HttpFoundation\Request))
#28 [internal function](): Drush\Commands\core\CacheRebuildCommands->rebuild((Array:17))
#29 /var/www/html/vendor/consolidation/annotated-command/src/CommandProcessor.php(276): call_user_func_array((Array:2), (Array:1))
#30 /var/www/html/vendor/consolidation/annotated-command/src/CommandProcessor.php(212): Consolidation\AnnotatedCommand\CommandProcessor->runCommandCallback((Array:2), Object(Consolidation\AnnotatedCommand\CommandData))
#31 /var/www/html/vendor/consolidation/annotated-command/src/CommandProcessor.php(175): Consolidation\AnnotatedCommand\CommandProcessor->validateRunAndAlter((Array:5), (Array:2), Object(Consolidation\AnnotatedCommand\CommandData))
#32 /var/www/html/vendor/consolidation/annotated-command/src/AnnotatedCommand.php(389): Consolidation\AnnotatedCommand\CommandProcessor->process(Object(Symfony\Component\Console\Output\ConsoleOutput), (Array:5), (Array:2), Object(Consolidation\AnnotatedCommand\CommandData))
#33 /var/www/html/vendor/symfony/console/Command/Command.php(326): Consolidation\AnnotatedCommand\AnnotatedCommand->execute(Object(Symfony\Component\Console\Input\ArgvInput), Object(Symfony\Component\Console\Output\ConsoleOutput))
#34 /var/www/html/vendor/symfony/console/Application.php(1121): Symfony\Component\Console\Command\Command->run(Object(Symfony\Component\Console\Input\ArgvInput), Object(Symfony\Component\Console\Output\ConsoleOutput))
#35 /var/www/html/vendor/symfony/console/Application.php(324): Symfony\Component\Console\Application->doRunCommand(Object(Consolidation\AnnotatedCommand\AnnotatedCommand), Object(Symfony\Component\Console\Input\ArgvInput), Object(Symfony\Component\Console\Output\ConsoleOutput))
#36 /var/www/html/vendor/symfony/console/Application.php(175): Symfony\Component\Console\Application->doRun(Object(Symfony\Component\Console\Input\ArgvInput), Object(Symfony\Component\Console\Output\ConsoleOutput))
#37 /var/www/html/vendor/drush/drush/src/Runtime/Runtime.php(110): Symfony\Component\Console\Application->run(Object(Symfony\Component\Console\Input\ArgvInput), Object(Symfony\Component\Console\Output\ConsoleOutput))
#38 /var/www/html/vendor/drush/drush/src/Runtime/Runtime.php(40): Drush\Runtime\Runtime->doRun((Array:2), Object(Symfony\Component\Console\Output\ConsoleOutput))
#39 /var/www/html/vendor/drush/drush/drush.php(139): Drush\Runtime\Runtime->run((Array:2))
#40 /var/www/html/vendor/drush/drush/drush(4): require("/var/www/html/vendor/drush/drush/drush.php")
#41 /var/www/html/vendor/bin/drush(119): include("/var/www/html/vendor/drush/drush/drush")
#42 {main}


2026-07-10 17:03:22+0100  [debug] $backTrace = #0 /var/www/html/vendor/civicrm/civicrm-core/CRM/Core/Error.php(257): CRM_Core_Error::backtrace("backTrace", TRUE)
#1 /var/www/html/vendor/pear/pear-core-minimal/src/PEAR.php(955): CRM_Core_Error::simpleHandler(Object(DB_Error))
#2 /var/www/html/vendor/pear/db/DB.php(986): PEAR_Error->__construct("DB Error: no such table", -18, 16, (Array:2), "SELECT\n  id, name, value, domain_id, contact_id, is_domain, component_id, cr...")
#3 /var/www/html/vendor/pear/pear-core-minimal/src/PEAR.php(585): DB_Error->__construct(-18, 16, (Array:2), "SELECT\n  id, name, value, domain_id, contact_id, is_domain, component_id, cr...")
#4 /var/www/html/vendor/pear/pear-core-minimal/src/PEAR.php(229): PEAR::_raiseError(Object(DB_mysqli), NULL, -18, 16, (Array:2), "SELECT\n  id, name, value, domain_id, contact_id, is_domain, component_id, cr...", "DB_Error", TRUE)
#5 /var/www/html/vendor/pear/db/DB/common.php(1935): PEAR->__call("raiseError", (Array:7))
#6 /var/www/html/vendor/pear/db/DB/mysqli.php(962): DB_common->raiseError(-18, NULL, NULL, "SELECT\n  id, name, value, domain_id, contact_id, is_domain, component_id, cr...", "1146 ** Table 'benmang1_benmango8_civi.civicrm_setting' doesn't exist")
#7 /var/www/html/vendor/pear/db/DB/mysqli.php(411): DB_mysqli->mysqliRaiseError()
#8 /var/www/html/vendor/pear/db/DB/common.php(1225): DB_mysqli->simpleQuery("SELECT\n  id, name, value, domain_id, contact_id, is_domain, component_id, cr...")
#9 /var/www/html/vendor/civicrm/civicrm-packages/DB/DataObject.php(2696): DB_common->query("SELECT\n  id, name, value, domain_id, contact_id, is_domain, component_id, cr...")
#10 /var/www/html/vendor/civicrm/civicrm-packages/DB/DataObject.php(1829): DB_DataObject->_query("SELECT\n  id, name, value, domain_id, contact_id, is_domain, component_id, cr...")
#11 /var/www/html/vendor/civicrm/civicrm-core/CRM/Core/DAO.php(598): DB_DataObject->query("SELECT\n  id, name, value, domain_id, contact_id, is_domain, component_id, cr...")
#12 /var/www/html/vendor/civicrm/civicrm-core/CRM/Core/DAO.php(1741): CRM_Core_DAO->query("SELECT\n  id, name, value, domain_id, contact_id, is_domain, component_id, cr...", TRUE)
#13 /var/www/html/vendor/civicrm/civicrm-core/Civi/Core/SettingsBag.php(122): CRM_Core_DAO::executeQuery("SELECT\n  id, name, value, domain_id, contact_id, is_domain, component_id, cr...")
#14 /var/www/html/vendor/civicrm/civicrm-core/Civi/Core/SettingsManager.php(219): Civi\Core\SettingsBag->loadValues()
#15 /var/www/html/vendor/civicrm/civicrm-core/Civi.php(286): Civi\Core\SettingsManager->getBagByDomain(1)
#16 /var/www/html/vendor/civicrm/civicrm-core/CRM/Extension/System.php(88): Civi::settings()
#17 /var/www/html/vendor/civicrm/civicrm-core/CRM/Extension/System.php(65): CRM_Extension_System->__construct()
#18 /var/www/html/vendor/civicrm/civicrm-core/Civi/Core/Container.php(708): CRM_Extension_System::singleton(TRUE)
#19 /var/www/html/vendor/civicrm/civicrm-core/CRM/Core/Config.php(88): Civi\Core\Container::boot(TRUE)
#20 /var/www/html/web/modules/contrib/civicrm/src/Civicrm.php(60): CRM_Core_Config::singleton()
#21 /var/www/html/web/modules/contrib/civicrm/src/Routing/Routes.php(23): Drupal\civicrm\Civicrm->initialize()
#22 [internal function](): Drupal\civicrm\Routing\Routes->listRoutes()
#23 /var/www/html/web/core/lib/Drupal/Core/Routing/RouteBuilder.php(146): call_user_func((Array:2))
#24 /var/www/html/web/core/lib/Drupal/Core/ProxyClass/Routing/RouteBuilder.php(83): Drupal\Core\Routing\RouteBuilder->rebuild()
#25 /var/www/html/web/core/includes/common.inc(485): Drupal\Core\ProxyClass\Routing\RouteBuilder->rebuild()
#26 /var/www/html/web/core/includes/utility.inc(41): drupal_flush_all_caches(Object(Drupal\Core\DrupalKernel))
#27 /var/www/html/vendor/drush/drush/src/Commands/core/CacheRebuildCommands.php(70): drupal_rebuild(Object(Composer\Autoload\ClassLoader), Object(Symfony\Component\HttpFoundation\Request))
#28 [internal function](): Drush\Commands\core\CacheRebuildCommands->rebuild((Array:17))
#29 /var/www/html/vendor/consolidation/annotated-command/src/CommandProcessor.php(276): call_user_func_array((Array:2), (Array:1))
#30 /var/www/html/vendor/consolidation/annotated-command/src/CommandProcessor.php(212): Consolidation\AnnotatedCommand\CommandProcessor->runCommandCallback((Array:2), Object(Consolidation\AnnotatedCommand\CommandData))
#31 /var/www/html/vendor/consolidation/annotated-command/src/CommandProcessor.php(175): Consolidation\AnnotatedCommand\CommandProcessor->validateRunAndAlter((Array:5), (Array:2), Object(Consolidation\AnnotatedCommand\CommandData))
#32 /var/www/html/vendor/consolidation/annotated-command/src/AnnotatedCommand.php(389): Consolidation\AnnotatedCommand\CommandProcessor->process(Object(Symfony\Component\Console\Output\ConsoleOutput), (Array:5), (Array:2), Object(Consolidation\AnnotatedCommand\CommandData))
#33 /var/www/html/vendor/symfony/console/Command/Command.php(326): Consolidation\AnnotatedCommand\AnnotatedCommand->execute(Object(Symfony\Component\Console\Input\ArgvInput), Object(Symfony\Component\Console\Output\ConsoleOutput))
#34 /var/www/html/vendor/symfony/console/Application.php(1121): Symfony\Component\Console\Command\Command->run(Object(Symfony\Component\Console\Input\ArgvInput), Object(Symfony\Component\Console\Output\ConsoleOutput))
#35 /var/www/html/vendor/symfony/console/Application.php(324): Symfony\Component\Console\Application->doRunCommand(Object(Consolidation\AnnotatedCommand\AnnotatedCommand), Object(Symfony\Component\Console\Input\ArgvInput), Object(Symfony\Component\Console\Output\ConsoleOutput))
#36 /var/www/html/vendor/symfony/console/Application.php(175): Symfony\Component\Console\Application->doRun(Object(Symfony\Component\Console\Input\ArgvInput), Object(Symfony\Component\Console\Output\ConsoleOutput))
#37 /var/www/html/vendor/drush/drush/src/Runtime/Runtime.php(110): Symfony\Component\Console\Application->run(Object(Symfony\Component\Console\Input\ArgvInput), Object(Symfony\Component\Console\Output\ConsoleOutput))
#38 /var/www/html/vendor/drush/drush/src/Runtime/Runtime.php(40): Drush\Runtime\Runtime->doRun((Array:2), Object(Symfony\Component\Console\Output\ConsoleOutput))
#39 /var/www/html/vendor/drush/drush/drush.php(139): Drush\Runtime\Runtime->run((Array:2))
#40 /var/www/html/vendor/drush/drush/drush(4): require("/var/www/html/vendor/drush/drush/drush.php")
#41 /var/www/html/vendor/bin/drush(119): include("/var/www/html/vendor/drush/drush/drush")
#42 {main}


2026-07-10 17:04:40+0100  [debug] $backTrace = #0 /var/www/html/vendor/civicrm/civicrm-core/CRM/Core/Error.php(257): CRM_Core_Error::backtrace("backTrace", TRUE)
#1 /var/www/html/vendor/pear/pear-core-minimal/src/PEAR.php(955): CRM_Core_Error::simpleHandler(Object(DB_Error))
#2 /var/www/html/vendor/pear/db/DB.php(986): PEAR_Error->__construct("DB Error: no such table", -18, 16, (Array:2), "SELECT\n  id, name, value, domain_id, contact_id, is_domain, component_id, cr...")
#3 /var/www/html/vendor/pear/pear-core-minimal/src/PEAR.php(585): DB_Error->__construct(-18, 16, (Array:2), "SELECT\n  id, name, value, domain_id, contact_id, is_domain, component_id, cr...")
#4 /var/www/html/vendor/pear/pear-core-minimal/src/PEAR.php(229): PEAR::_raiseError(Object(DB_mysqli), NULL, -18, 16, (Array:2), "SELECT\n  id, name, value, domain_id, contact_id, is_domain, component_id, cr...", "DB_Error", TRUE)
#5 /var/www/html/vendor/pear/db/DB/common.php(1935): PEAR->__call("raiseError", (Array:7))
#6 /var/www/html/vendor/pear/db/DB/mysqli.php(962): DB_common->raiseError(-18, NULL, NULL, "SELECT\n  id, name, value, domain_id, contact_id, is_domain, component_id, cr...", "1146 ** Table 'benmang1_benmango8_civi.civicrm_setting' doesn't exist")
#7 /var/www/html/vendor/pear/db/DB/mysqli.php(411): DB_mysqli->mysqliRaiseError()
#8 /var/www/html/vendor/pear/db/DB/common.php(1225): DB_mysqli->simpleQuery("SELECT\n  id, name, value, domain_id, contact_id, is_domain, component_id, cr...")
#9 /var/www/html/vendor/civicrm/civicrm-packages/DB/DataObject.php(2696): DB_common->query("SELECT\n  id, name, value, domain_id, contact_id, is_domain, component_id, cr...")
#10 /var/www/html/vendor/civicrm/civicrm-packages/DB/DataObject.php(1829): DB_DataObject->_query("SELECT\n  id, name, value, domain_id, contact_id, is_domain, component_id, cr...")
#11 /var/www/html/vendor/civicrm/civicrm-core/CRM/Core/DAO.php(598): DB_DataObject->query("SELECT\n  id, name, value, domain_id, contact_id, is_domain, component_id, cr...")
#12 /var/www/html/vendor/civicrm/civicrm-core/CRM/Core/DAO.php(1741): CRM_Core_DAO->query("SELECT\n  id, name, value, domain_id, contact_id, is_domain, component_id, cr...", TRUE)
#13 /var/www/html/vendor/civicrm/civicrm-core/Civi/Core/SettingsBag.php(122): CRM_Core_DAO::executeQuery("SELECT\n  id, name, value, domain_id, contact_id, is_domain, component_id, cr...")
#14 /var/www/html/vendor/civicrm/civicrm-core/Civi/Core/SettingsManager.php(219): Civi\Core\SettingsBag->loadValues()
#15 /var/www/html/vendor/civicrm/civicrm-core/Civi.php(286): Civi\Core\SettingsManager->getBagByDomain(1)
#16 /var/www/html/vendor/civicrm/civicrm-core/CRM/Extension/System.php(88): Civi::settings()
#17 /var/www/html/vendor/civicrm/civicrm-core/CRM/Extension/System.php(65): CRM_Extension_System->__construct()
#18 /var/www/html/vendor/civicrm/civicrm-core/Civi/Core/Container.php(708): CRM_Extension_System::singleton(TRUE)
#19 /var/www/html/vendor/civicrm/civicrm-core/CRM/Core/Config.php(88): Civi\Core\Container::boot(TRUE)
#20 /var/www/html/web/modules/contrib/civicrm/src/Civicrm.php(60): CRM_Core_Config::singleton()
#21 /var/www/html/web/modules/contrib/civicrm/src/Routing/Routes.php(23): Drupal\civicrm\Civicrm->initialize()
#22 [internal function](): Drupal\civicrm\Routing\Routes->listRoutes()
#23 /var/www/html/web/core/lib/Drupal/Core/Routing/RouteBuilder.php(146): call_user_func((Array:2))
#24 /var/www/html/web/core/lib/Drupal/Core/ProxyClass/Routing/RouteBuilder.php(83): Drupal\Core\Routing\RouteBuilder->rebuild()
#25 /var/www/html/web/core/includes/common.inc(485): Drupal\Core\ProxyClass\Routing\RouteBuilder->rebuild()
#26 /var/www/html/web/core/includes/utility.inc(41): drupal_flush_all_caches(Object(Drupal\Core\DrupalKernel))
#27 /var/www/html/vendor/drush/drush/src/Commands/core/CacheRebuildCommands.php(70): drupal_rebuild(Object(Composer\Autoload\ClassLoader), Object(Symfony\Component\HttpFoundation\Request))
#28 [internal function](): Drush\Commands\core\CacheRebuildCommands->rebuild((Array:17))
#29 /var/www/html/vendor/consolidation/annotated-command/src/CommandProcessor.php(276): call_user_func_array((Array:2), (Array:1))
#30 /var/www/html/vendor/consolidation/annotated-command/src/CommandProcessor.php(212): Consolidation\AnnotatedCommand\CommandProcessor->runCommandCallback((Array:2), Object(Consolidation\AnnotatedCommand\CommandData))
#31 /var/www/html/vendor/consolidation/annotated-command/src/CommandProcessor.php(175): Consolidation\AnnotatedCommand\CommandProcessor->validateRunAndAlter((Array:5), (Array:2), Object(Consolidation\AnnotatedCommand\CommandData))
#32 /var/www/html/vendor/consolidation/annotated-command/src/AnnotatedCommand.php(389): Consolidation\AnnotatedCommand\CommandProcessor->process(Object(Symfony\Component\Console\Output\ConsoleOutput), (Array:5), (Array:2), Object(Consolidation\AnnotatedCommand\CommandData))
#33 /var/www/html/vendor/symfony/console/Command/Command.php(326): Consolidation\AnnotatedCommand\AnnotatedCommand->execute(Object(Symfony\Component\Console\Input\ArgvInput), Object(Symfony\Component\Console\Output\ConsoleOutput))
#34 /var/www/html/vendor/symfony/console/Application.php(1121): Symfony\Component\Console\Command\Command->run(Object(Symfony\Component\Console\Input\ArgvInput), Object(Symfony\Component\Console\Output\ConsoleOutput))
#35 /var/www/html/vendor/symfony/console/Application.php(324): Symfony\Component\Console\Application->doRunCommand(Object(Consolidation\AnnotatedCommand\AnnotatedCommand), Object(Symfony\Component\Console\Input\ArgvInput), Object(Symfony\Component\Console\Output\ConsoleOutput))
#36 /var/www/html/vendor/symfony/console/Application.php(175): Symfony\Component\Console\Application->doRun(Object(Symfony\Component\Console\Input\ArgvInput), Object(Symfony\Component\Console\Output\ConsoleOutput))
#37 /var/www/html/vendor/drush/drush/src/Runtime/Runtime.php(110): Symfony\Component\Console\Application->run(Object(Symfony\Component\Console\Input\ArgvInput), Object(Symfony\Component\Console\Output\ConsoleOutput))
#38 /var/www/html/vendor/drush/drush/src/Runtime/Runtime.php(40): Drush\Runtime\Runtime->doRun((Array:2), Object(Symfony\Component\Console\Output\ConsoleOutput))
#39 /var/www/html/vendor/drush/drush/drush.php(139): Drush\Runtime\Runtime->run((Array:2))
#40 /var/www/html/vendor/drush/drush/drush(4): require("/var/www/html/vendor/drush/drush/drush.php")
#41 /var/www/html/vendor/bin/drush(119): include("/var/www/html/vendor/drush/drush/drush")
#42 {main}


